0001                         * ;John Snoap, Chris Rich, and Aubin Mukamaishimwe
0002                         * ;Computer Systems
0003                         * ;Current (Update)
0004                         
0005                         * ;Variables													COMMENTS
0006 00a0                    characterCount			EQU		$A0								;For our program
0007 00a1                    currentQuadrant			EQU		$A1								;For our program
0008 00a2                    shiftFlag			EQU		$A2								;For our program
0009 00a3                    mode				EQU		$A3								;For our program
0010 00b0                    bufferStart			EQU		$B0								;For our program
0011 a000                    keyboard			EQU		$A000								;For our hardware
0012 b000                    LCD				EQU		$B000								;For our hardware
0013 b001                    LCDD				EQU		$B001								;For our hardware
0014 c000                    DDRA				EQU		$C000								;For our hardware
0015 c001                    CRA				EQU		$C001								;For our hardware
0016 c002                    DDRB				EQU		$C002								;For our hardware
0017 c003                    CRB				EQU		$C003								;For our hardware
0018 9000                    bright				EQU		$9000								;For our hardware
0019 8000                    dim				EQU		$8000								;For our hardware
0020 0024                    stringLength			EQU		36								;The number of bits allocated for each laser string
0021 003f                    quadrantLength			EQU		63								;The horizontal length allocated for each quadrant
0022 e400                    LCDStart			EQU		$E400								;For our EEPROM
0023 e450                    testPatternStart		EQU		$E450								;For our EEPROM
0024 e500                    laserStart			EQU		$E500								;For our EEPROM
0025 ed00                    animationStart			EQU		$ED00								;For our EEPROM
0026                         * ;Variables end
0027                         
0028                         * ;Main														COMMENTS
0029 e000                    				ORG		$E000								;Start program
0030 e000 0e                 				CLI										;Clear the interupt flag
0031 e001 8e 00 ff           				LDS		#$FF								;Load the stack pointer
0032 e004 7f 00 a0           				CLR		characterCount							;Initialize characterCount
0033 e007 7f 00 a1           				CLR		currentQuadrant							;Initialize currentQuadrant
0034 e00a 7f 00 a2           				CLR		shiftFlag							;Initialize shiftFlag
0035 e00d 7f 00 a3           				CLR		mode								;Initialize mode (step 1 of 2)
0036 e010 7c 00 a3           				INC		mode								;Initialize mode (step 2 of 2)
0037 e013 ce 10 39           				LDX		#$1039								;Load X for A/D converter
0038 e016 1c 00 80           				BSET		0,X			%10000000				;Initialize internal A/D converter
0039 e019 ce b0 00           				LDX		#LCD								;LCD location -> X		Initialize LCD
0040 e01c 1e 00 80 fc        				BRSET		0,X			%10000000	*			;LCD busy check
0041 e020 86 01              				LDAA		#$1								;Load first command
0042 e022 b7 b0 00           				STAA		LCD								;Send first command -> LCD
0043 e025 1e 00 80 fc        				BRSET		0,X			%10000000	*			;LCD busy check
0044 e029 86 30              				LDAA		#$30								;Load second command
0045 e02b b7 b0 00           				STAA		LCD								;Send second command -> LCD
0046 e02e 1e 00 80 fc        				BRSET		0,X			%10000000	*			;LCD busy check
0047 e032 86 08              				LDAA		#$8								;Load third command
0048 e034 b7 b0 00           				STAA		LCD								;Send third command -> LCD
0049 e037 1e 00 80 fc        				BRSET		0,X			%10000000	*			;LCD busy check
0050 e03b 86 06              				LDAA		#$6								;Load fourth command
0051 e03d b7 b0 00           				STAA		LCD								;Send fourth command -> LCD
0052 e040 1e 00 80 fc        				BRSET		0,X			%10000000	*			;LCD busy check
0053 e044 86 3c              				LDAA		#$3C								;Load fifth command
0054 e046 b7 b0 00           				STAA		LCD								;Send fifth command -> LCD
0055 e049 1e 00 80 fc        				BRSET		0,X			%10000000	*			;LCD busy check
0056 e04d 86 0f              				LDAA		#$F								;Load sixth command
0057 e04f b7 b0 00           				STAA		LCD								;Send sixth command -> LCD	Initialize LCD end
0058 e052 ce c0 01           				LDX		#CRA								;PIA CRA -> X			Initialize laser
0059 e055 1d 00 04           				BCLR		0,X			%00000100				;Trust Watson -> PIA CRA
0060 e058 ce c0 00           				LDX		#DDRA								;PIA DDRA -> X
0061 e05b 1c 00 ff           				BSET		0,X			$FF					;Trust Watson -> PIA DDRA
0062 e05e ce c0 01           				LDX		#CRA								;PIA CRA -> X
0063 e061 1c 00 04           				BSET		0,X			%00000100				;Trust Watson -> PIA CRA
0064 e064 ce c0 03           				LDX		#CRB								;PIA CRB -> X
0065 e067 1d 00 04           				BCLR		0,X			%00000100				;Trust Watson -> PIA CRB
0066 e06a ce c0 02           				LDX		#DDRB								;PIA DDRB -> X
0067 e06d 1c 00 ff           				BSET		0,X			$FF					;Trust Watson -> PIA DDRB
0068 e070 ce c0 03           				LDX		#CRB								;PIA CRB -> X
0069 e073 1c 00 04           				BSET		0,X			%00000100				;Trust Watson -> PIA CRB	Initialize laser end
0070 e076 86 20              				LDAA		#$20								;Trust Watson for delay knob
0071 e078 b7 10 30           				STAA		$1030								;Trust Watson Result will be in loc $1031
0072 e07b b7 80 00           				STAA		dim								;Make sure the laser starts off
0073 e07e 96 a3              start				LDAA		mode								;Begin main loop
0074 e080 81 01              				CMPA		#1								;if (mode == 1)
0075 e082 27 fa              				BEQ		start								;Go back to start (do not use laser)
0076 e084 81 02              				CMPA		#2								;else if (mode == 2)
0077 e086 27 07              				BEQ		displayCharacter						;Write letters on wall with laser
0078 e088 81 03              				CMPA		#3								;else if (mode == 3)
0079 e08a 27 5f              				BEQ		displayTestPattern						;Display test pattern on wall with laser
0080 e08c 7e e1 21           				JMP		displayAnimation						;else, display animation on wall with laser
0081 e08f 96 a0              displayCharacter		LDAA		characterCount							;See if there are any characters to draw
0082 e091 81 00              				CMPA		#0								;if (characterCount == 0)
0083 e093 27 06              				BEQ		characterDisplayReset						;Go to character display reset
0084 e095 96 a1              				LDAA		currentQuadrant							;else, determine whether or not to draw character
0085 e097 91 a0              				CMPA		characterCount							;if (currentQuadrant != characterCount)
0086 e099 26 05              				BNE		setPointer							;Prepare to send the character to the laser
0087 e09b 15 a1 ff           characterDisplayReset		BCLR		currentQuadrant		%11111111				;else, reset currentQuadrant and
0088 e09e 20 de              				BRA		start								;Go back to start
0089 e0a0 ce 00 b0           setPointer			LDX		#bufferStart							;First of four characters -> X
0090 e0a3 d6 a1              				LDAB		currentQuadrant							;currentQuadrant -> B
0091 e0a5 3a                 				ABX										;Add current quadrant to buffer start
0092 e0a6 a6 00              				LDAA		0,X								;Desired character -> A
0093 e0a8 c6 24              				LDAB		#stringLength							;Get laser string offset (A * 32)
0094 e0aa 3d                 				MUL										;Laser string offset -> D
0095 e0ab c3 e5 00           				ADDD		#laserStart							;Laser string offset + laser start -> D
0096 e0ae 8f                 				XGDX										;D <-> X
0097 e0af a6 00              getNext				LDAA		0,X								;Get next character byte
0098 e0b1 81 b0              				CMPA		#$B0								;if (byte == bright)
0099 e0b3 27 1f              				BEQ		laserOn								;Turn the laser on
0100 e0b5 81 d0              				CMPA		#$D0								;else if (byte == dim)
0101 e0b7 27 24              				BEQ		laserOff							;Turn the laser off
0102 e0b9 81 70              				CMPA		#$70								;else if (byte == complete)
0103 e0bb 27 29              				BEQ		currentQuadrantPlusPlus						;Letter is completed
0104 e0bd 96 a1              				LDAA		currentQuadrant							;else, byte is an x-coordinate
0105 e0bf c6 3f              				LDAB		#quadrantLength							;Determine location offset for x-coordinate
0106 e0c1 3d                 				MUL										;Location offset -> B
0107 e0c2 a6 00              				LDAA		0,X								;X-coordinate -> A
0108 e0c4 1b                 				ABA										;X-coordinate + location offset -> A
0109 e0c5 b7 c0 00           				STAA		DDRA								;Send x-coordinate -> PIA
0110 e0c8 08                 				INX										;Prepare to send y-coordinate
0111 e0c9 a6 00              				LDAA		0,X								;Load y-coordinate -> PIA
0112 e0cb b7 c0 02           				STAA		DDRB								;Send y-coordinate -> PIA
0113 e0ce bd e1 99           				JSR		delay								;Delay for 200 microseconds
0114 e0d1 08                 				INX										;Position for next character byte
0115 e0d2 20 db              				BRA		getNext								;Go to get next character byte
0116 e0d4 b7 90 00           laserOn				STAA		bright								;Send turn laser on -> PIA
0117 e0d7 bd e1 99           				JSR		delay								;Delay for 200 microseconds
0118 e0da 08                 				INX										;Position for next character byte
0119 e0db 20 d2              				BRA		getNext								;Go to get next character byte
0120 e0dd b7 80 00           laserOff			STAA		dim								;Send turn laser off -> PIA
0121 e0e0 bd e1 99           				JSR		delay								;Delay for 200 microseconds
0122 e0e3 08                 				INX										;Position for next character byte
0123 e0e4 20 c9              				BRA		getNext								;Go to get next character byte
0124 e0e6 7c 00 a1           currentQuadrantPlusPlus		INC		currentQuadrant							;currentQuadrant++
0125 e0e9 20 a4              				BRA		displayCharacter						;Go to determine whether or not to draw character
0126 e0eb cc e4 50           displayTestPattern		LDD		#testPatternStart						;Load test pattern start -> D
0127 e0ee 8f                 				XGDX										;D <-> X
0128 e0ef a6 00              getNext1			LDAA		0,X								;Get next byte
0129 e0f1 81 b0              				CMPA		#$B0								;if (byte == bright)
0130 e0f3 27 17              				BEQ		laserOn1							;Turn the laser on
0131 e0f5 81 d0              				CMPA		#$D0								;else if (byte == dim)
0132 e0f7 27 1c              				BEQ		laserOff1							;Turn the laser off
0133 e0f9 81 70              				CMPA		#$70								;else if (byte == complete)
0134 e0fb 27 21              				BEQ		return								;Go to return
0135 e0fd b7 c0 00           				STAA		DDRA								;Send x-coordinate -> PIA
0136 e100 08                 				INX										;Prepare to send y-coordinate
0137 e101 a6 00              				LDAA		0,X								;Load y-coordinate -> PIA
0138 e103 b7 c0 02           				STAA		DDRB								;Send y-coordinate -> PIA
0139 e106 bd e1 99           				JSR		delay								;Delay for 5 miliseconds
0140 e109 08                 				INX										;Position for next byte
0141 e10a 20 e3              				BRA		getNext1							;Go to get next byte
0142 e10c b7 90 00           laserOn1			STAA		bright								;Send turn laser on -> PIA
0143 e10f bd e1 99           				JSR		delay								;Delay for 5 miliseconds
0144 e112 08                 				INX										;Position for next byte
0145 e113 20 da              				BRA		getNext1							;Go to get next byte
0146 e115 b7 80 00           laserOff1			STAA		dim								;Send turn laser off -> PIA
0147 e118 bd e1 99           				JSR		delay								;Delay for 5 miliseconds
0148 e11b 08                 				INX										;Position for next byte
0149 e11c 20 d1              				BRA		getNext1							;Go to get next byte
0150 e11e 7e e0 7e           return				JMP		start								;Go back to start
0151 e121 7e e0 7e           displayAnimation		JMP		start								;Go back to start
0152                         * ;Main end
0153                         
0154                         * ;Interrupt Service Routine											COMMENTS
0155 e124 0e                 ISR				CLI										;Clear the interrupt flag
0156 e125 b6 a0 00           				LDAA		keyboard							;Load keypress
0157 e128 84 1f              				ANDA		#$1F								;Clear the first three bits
0158 e12a 9b a2              				ADDA		shiftFlag							;Add shift
0159 e12c 81 03              				CMPA		#%11								;if (keypress == shift && !shiftFlag)
0160 e12e 27 3f              				BEQ		shiftOn								;shiftFlag = on
0161 e130 81 13              				CMPA		#%10011								;else if (keypress == mode && !shiftFlag)
0162 e132 27 45              				BEQ		modePlusPlus							;mode++
0163 e134 81 23              				CMPA		#%100011							;else if (keypress == shift && shiftFlag)
0164 e136 27 3c              				BEQ		shiftOff							;shiftFlag = off
0165 e138 81 33              				CMPA		#%110011							;else if (keypress == mode && shiftFlag)
0166 e13a 27 4d              				BEQ		modeMinusMinus							;mode--
0167 e13c ce 00 b0           				LDX		#bufferStart							;else, keypress is a character
0168 e13f d6 a0              				LDAB		characterCount							;characterCount -> B
0169 e141 3a                 				ABX										;Add character count to buffer start
0170 e142 a7 00              				STAA		0,X								;Keypress -> buffer
0171 e144 ce e4 00           				LDX		#LCDStart							;Start LCD translation
0172 e147 16                 				TAB										;Keypress -> B
0173 e148 3a                 				ABX										;Add keypress to LCD start
0174 e149 a6 00              				LDAA		0,X								;Finish LCD translation
0175 e14b ce b0 00           				LDX		#LCD								;Prepare to send LCD translation to LCD
0176 e14e 1e 00 80 fc        				BRSET		0,X			%10000000	*			;LCD busy check
0177 e152 b7 b0 01           				STAA		LCDD								;LCD translation -> LCD
0178 e155 7c 00 a0           				INC		characterCount							;characterCount++
0179 e158 86 05              				LDAA		#5								;5 -> A
0180 e15a d6 a0              				LDAB		characterCount							;characterCount -> B
0181 e15c 11                 				CBA										;if (characterCount < 5)
0182 e15d 26 0f              				BNE		done								;Go to done
0183 e15f 7f 00 a0           				CLR		characterCount							;else, characterCount = 0  Need to add clear display
0184 e162 ce b0 00           				LDX		#LCD								;LCD location -> X		Clear LCD
0185 e165 1e 00 80 fc        				BRSET		0,X			%10000000	*			;LCD busy check
0186 e169 86 01              				LDAA		#$1								;Load first command
0187 e16b b7 b0 00           				STAA		LCD								;Send first command -> LCD
0188 e16e 3b                 done				RTI										;Return from interrupt
0189 e16f 14 a2 20           shiftOn				BSET		shiftFlag		%100000					;Shift on
0190 e172 20 fa              				BRA		done								;Go to done
0191 e174 15 a2 20           shiftOff			BCLR		shiftFlag		%100000					;Shift off
0192 e177 20 f5              				BRA		done								;Go to done
0193 e179 7c 00 a3           modePlusPlus			INC		mode								;mode++
0194 e17c 86 05              				LDAA		#5								;5 -> A
0195 e17e d6 a3              				LDAB		mode								;mode -> B
0196 e180 11                 				CBA										;if (mode < 5)
0197 e181 26 eb              				BNE		done								;Go to done
0198 e183 86 01              				LDAA		#1								;else
0199 e185 97 a3              				STAA		mode								;mode = 1
0200 e187 20 e5              				BRA		done								;Go to done
0201 e189 7a 00 a3           modeMinusMinus			DEC		mode								;mode--
0202 e18c 86 00              				LDAA		#0								;0 -> A
0203 e18e d6 a3              				LDAB		mode								;mode -> B
0204 e190 11                 				CBA										;if (mode > 0)
0205 e191 26 db              				BNE		done								;Go to done
0206 e193 86 04              				LDAA		#4								;else
0207 e195 97 a3              				STAA		mode								;mode = 4
0208 e197 20 d5              				BRA		done								;Go to done
0209                         * ;Interrupt Service Routine end
0210                         
0211                         * ;Subrutine delay												COMMENTS
0212 e199 3c                 delay				PSHX										;Saves X
0213 e19a f6 10 31           				LDAB		$1031								;A/D Conversion -> B
0214 e19d 54                 				LSRB										;01111111
0215 e19e 54                 				LSRB										;00111111
0216 e19f 54                 				LSRB										;00011111
0217 e1a0 54                 				LSRB										;00001111
0218 e1a1 86 03              				LDAA		#3								;Multiple
0219 e1a3 3d                 				MUL										;X*3
0220 e1a4 86 0f              				LDAA		#15								;15 + 0*3 = min
0221 e1a6 1b                 				ABA										;15 + X*3 (15 + 15*3 = max)
0222 e1a7 ce 00 07           outerLoop			LDX		#7								;Magic number for 50us
0223 e1aa 09                 innerLoop			DEX										;X--
0224 e1ab 8c 00 00           				CPX		#0								;Add 4 clock cycles
0225 e1ae 26 fa              				BNE		innerLoop							;If (X != 0) go to "innerLoop"
0226 e1b0 4a                 				DECA										;A--
0227 e1b1 26 f4              				BNE		outerLoop							;If (A != 0) go to "outerLoop"
0228 e1b3 38                 				PULX										;Restores X
0229 e1b4 39                 				RTS										;Return from subrutine
0230                         * ;Subrutine delay end
0231                         
0232                         * ;EEPROM													COMMENTS
0233 e400                    				ORG		LCDStart							;LCD start vector
0234 e400 31                 				FCB		%00110001							;"1"
0235 e401 51                 				FCB		%01010001							;"Q"
0236 e402 41                 				FCB		%01000001							;"A"
0237 e403 1e                 				FCB		%00011110							;Shift on
0238 e404 32                 				FCB		%00110010							;"2"
0239 e405 57                 				FCB		%01010111							;"W"
0240 e406 53                 				FCB		%01010011							;"S"
0241 e407 58                 				FCB		%01011000							;"X"
0242 e408 33                 				FCB		%00110011							;"3"
0243 e409 45                 				FCB		%01000101							;"E"
0244 e40a 44                 				FCB		%01000100							;"D"
0245 e40b 43                 				FCB		%01000011							;"C"
0246 e40c 34                 				FCB		%00110100							;"4"
0247 e40d 52                 				FCB		%01010010							;"R"
0248 e40e 46                 				FCB		%01000110							;"F"
0249 e40f 56                 				FCB		%01010110							;"V"
0250 e410 35                 				FCB		%00110101							;"5"
0251 e411 54                 				FCB		%01010100							;"T"
0252 e412 47                 				FCB		%01000111							;"G"
0253 e413 ff                 				FCB		%11111111							;Mode++
0254 e420                    				ORG		LCDStart+32							;LCD start vector + 32
0255 e420 36                 				FCB		%00110110							;"6"
0256 e421 59                 				FCB		%01011001							;"Y"
0257 e422 48                 				FCB		%01001000							;"H"
0258 e423 20                 				FCB		%00100000							;Shift off
0259 e424 37                 				FCB		%00110111							;"7"
0260 e425 55                 				FCB		%01010101							;"U"
0261 e426 4a                 				FCB		%01001010							;"J"
0262 e427 42                 				FCB		%01000010							;"B"
0263 e428 38                 				FCB		%00111000							;"8"
0264 e429 49                 				FCB		%01001001							;"I"
0265 e42a 4b                 				FCB		%01001011							;"K"
0266 e42b 4e                 				FCB		%01001110							;"N"
0267 e42c 39                 				FCB		%00111001							;"9"
0268 e42d 4f                 				FCB		%01001111							;"O"
0269 e42e 4c                 				FCB		%01001100							;"L"
0270 e42f 4d                 				FCB		%01001101							;"M"
0271 e430 30                 				FCB		%00110000							;"0"
0272 e431 50                 				FCB		%01010000							;"P"
0273 e432 5a                 				FCB		%01011010							;"Z"
0274 e433 00                 				FCB		%00000000							;Mode--
0275                         				
0276 e450                    				ORG		testPatternStart						;Test pattern
0277 e450 14                 				FCB		$14								;X
0278 e451 0a                 				FCB		$A								;Y
0279 e452 b0                 				FCB		$B0								;Bright
0280 e453 14                 				FCB		$14								;X
0281 e454 a0                 				FCB		$A0								;Y
0282 e455 8c                 				FCB		$8C								;X
0283 e456 a0                 				FCB		$A0								;Y
0284 e457 8c                 				FCB		$8C								;X
0285 e458 0a                 				FCB		$A								;Y
0286 e459 14                 				FCB		$14								;X
0287 e45a 0a                 				FCB		$A								;Y
0288 e45b d0                 				FCB		$D0								;Dim
0289 e45c 70                 				FCB		$70								;Test pattern end
0290                         				
0291 e500                    				ORG		0*stringLength+laserStart					;"1" laser string
0292 e500 10                 				FCB		$10								;X
0293 e501 4e                 				FCB		$4E								;Y
0294 e502 b0                 				FCB		$B0								;Bright
0295 e503 1d                 				FCB		$1D								;X
0296 e504 5b                 				FCB		$5B								;Y
0297 e505 1d                 				FCB		$1D								;X
0298 e506 0d                 				FCB		$0D								;Y
0299 e507 d0                 				FCB		$D0								;Dim
0300 e508 10                 				FCB		$10								;X
0301 e509 0d                 				FCB		$0D								;Y
0302 e50a b0                 				FCB		$B0								;Bright
0303 e50b 2a                 				FCB		$2A								;X
0304 e50c 0d                 				FCB		$0D								;Y
0305 e50d d0                 				FCB		$D0								;Dim
0306 e50e 70                 				FCB		$70								;"1" laser string end
0307 e524                    				ORG		1*stringLength+laserStart					;"Q" laser string
0308 e524 1d                 				FCB		$1D								;X
0309 e525 0d                 				FCB		$0D								;Y
0310 e526 b0                 				FCB		$B0								;Bright
0311 e527 10                 				FCB		$10								;X
0312 e528 0d                 				FCB		$0D								;Y
0313 e529 03                 				FCB		$03								;X
0314 e52a 1a                 				FCB		$1A								;Y
0315 e52b 03                 				FCB		$03								;X
0316 e52c 4e                 				FCB		$4E								;Y
0317 e52d 10                 				FCB		$10								;X
0318 e52e 5b                 				FCB		$5B								;Y
0319 e52f 2a                 				FCB		$2A								;X
0320 e530 5b                 				FCB		$5B								;Y
0321 e531 37                 				FCB		$37								;X
0322 e532 4e                 				FCB		$4E								;Y
0323 e533 37                 				FCB		$37								;X
0324 e534 27                 				FCB		$27								;Y
0325 e535 1d                 				FCB		$1D								;X
0326 e536 0d                 				FCB		$0D								;Y
0327 e537 d0                 				FCB		$D0								;Dim
0328 e538 1d                 				FCB		$1D								;X
0329 e539 27                 				FCB		$27								;Y
0330 e53a b0                 				FCB		$B0								;Bright
0331 e53b 37                 				FCB		$37								;X
0332 e53c 0d                 				FCB		$0D								;Y
0333 e53d d0                 				FCB		$D0								;Dim
0334 e53e 70                 				FCB		$70								;"Q" laser string end
0335 e548                    				ORG		2*stringLength+laserStart					;"A" laser string
0336 e548 03                 				FCB		$03								;X
0337 e549 0d                 				FCB		$0D								;Y
0338 e54a b0                 				FCB		$B0								;Bright
0339 e54b 03                 				FCB		$03								;X
0340 e54c 4e                 				FCB		$4E								;Y
0341 e54d 10                 				FCB		$10								;X
0342 e54e 5b                 				FCB		$5B								;Y
0343 e54f 2a                 				FCB		$2A								;X
0344 e550 5b                 				FCB		$5B								;Y
0345 e551 37                 				FCB		$37								;X
0346 e552 4e                 				FCB		$4E								;Y
0347 e553 37                 				FCB		$37								;X
0348 e554 0d                 				FCB		$0D								;Y
0349 e555 d0                 				FCB		$D0								;Dim
0350 e556 03                 				FCB		$03								;X
0351 e557 34                 				FCB		$34								;Y
0352 e558 b0                 				FCB		$B0								;Bright
0353 e559 37                 				FCB		$37								;X
0354 e55a 34                 				FCB		$34								;Y
0355 e55b d0                 				FCB		$D0								;Dim
0356 e55c 70                 				FCB		$70								;"A" laser string end
0357 e590                    				ORG		4*stringLength+laserStart					;"2" laser string
0358 e590 03                 				FCB		$03								;X
0359 e591 4e                 				FCB		$4E								;Y
0360 e592 b0                 				FCB		$B0								;Bright
0361 e593 10                 				FCB		$10								;X
0362 e594 5b                 				FCB		$5B								;Y
0363 e595 2a                 				FCB		$2A								;X
0364 e596 5b                 				FCB		$5B								;Y
0365 e597 37                 				FCB		$37								;X
0366 e598 4e                 				FCB		$4E								;Y
0367 e599 37                 				FCB		$37								;X
0368 e59a 41                 				FCB		$41								;Y
0369 e59b 03                 				FCB		$03								;X
0370 e59c 0d                 				FCB		$0D								;Y
0371 e59d 37                 				FCB		$37								;X
0372 e59e 0d                 				FCB		$0D								;Y
0373 e59f d0                 				FCB		$D0								;Dim
0374 e5a0 70                 				FCB		$70								;"2" laser string end
0375 e5b4                    				ORG		5*stringLength+laserStart					;"W" laser string
0376 e5b4 03                 				FCB		$03								;X
0377 e5b5 5b                 				FCB		$5B								;Y
0378 e5b6 b0                 				FCB		$B0								;Bright
0379 e5b7 10                 				FCB		$10								;X
0380 e5b8 0d                 				FCB		$0D								;Y
0381 e5b9 1d                 				FCB		$1D								;X
0382 e5ba 34                 				FCB		$34								;Y
0383 e5bb 2a                 				FCB		$2A								;X
0384 e5bc 0d                 				FCB		$0D								;Y
0385 e5bd 37                 				FCB		$37								;X
0386 e5be 5b                 				FCB		$5B								;Y
0387 e5bf d0                 				FCB		$D0								;Dim
0388 e5c0 70                 				FCB		$70								;"W" laser string end
0389 e5d8                    				ORG		6*stringLength+laserStart					;"S" laser string
0390 e5d8 03                 				FCB		$03								;X
0391 e5d9 0d                 				FCB		$0D								;Y
0392 e5da b0                 				FCB		$B0								;Bright
0393 e5db 2a                 				FCB		$2A								;X
0394 e5dc 0d                 				FCB		$0D								;Y
0395 e5dd 37                 				FCB		$37								;X
0396 e5de 1a                 				FCB		$1A								;Y
0397 e5df 37                 				FCB		$37								;X
0398 e5e0 27                 				FCB		$27								;Y
0399 e5e1 2a                 				FCB		$2A								;X
0400 e5e2 34                 				FCB		$34								;Y
0401 e5e3 10                 				FCB		$10								;X
0402 e5e4 34                 				FCB		$34								;Y
0403 e5e5 03                 				FCB		$03								;X
0404 e5e6 41                 				FCB		$41								;Y
0405 e5e7 03                 				FCB		$03								;X
0406 e5e8 4e                 				FCB		$4E								;Y
0407 e5e9 10                 				FCB		$10								;X
0408 e5ea 5b                 				FCB		$5B								;Y
0409 e5eb 37                 				FCB		$37								;X
0410 e5ec 5b                 				FCB		$5B								;Y
0411 e5ed d0                 				FCB		$D0								;Dim
0412 e5ee 70                 				FCB		$70								;"S" laser string end
0413 e5fc                    				ORG		7*stringLength+laserStart					;"X" laser string
0414 e5fc 03                 				FCB		$03								;X
0415 e5fd 0d                 				FCB		$0D								;Y
0416 e5fe b0                 				FCB		$B0								;Bright
0417 e5ff 37                 				FCB		$37								;X
0418 e600 5b                 				FCB		$5B								;Y
0419 e601 d0                 				FCB		$D0								;Dim
0420 e602 03                 				FCB		$03								;X
0421 e603 5b                 				FCB		$5B								;Y
0422 e604 b0                 				FCB		$B0								;Bright
0423 e605 37                 				FCB		$37								;X
0424 e606 0d                 				FCB		$0D								;Y
0425 e607 d0                 				FCB		$D0								;Dim
0426 e608 70                 				FCB		$70								;"X" laser string end
0427 e620                    				ORG		8*stringLength+laserStart					;"3" laser string
0428 e620 03                 				FCB		$03								;X
0429 e621 5b                 				FCB		$5B								;Y
0430 e622 b0                 				FCB		$B0								;Bright
0431 e623 37                 				FCB		$37								;X
0432 e624 5b                 				FCB		$5B								;Y
0433 e625 1d                 				FCB		$1D								;X
0434 e626 41                 				FCB		$41								;Y
0435 e627 37                 				FCB		$37								;X
0436 e628 27                 				FCB		$27								;Y
0437 e629 37                 				FCB		$37								;X
0438 e62a 1a                 				FCB		$1A								;Y
0439 e62b 2a                 				FCB		$2A								;X
0440 e62c 0d                 				FCB		$0D								;Y
0441 e62d 10                 				FCB		$10								;X
0442 e62e 0d                 				FCB		$0D								;Y
0443 e62f 03                 				FCB		$03								;X
0444 e630 1a                 				FCB		$1A								;Y
0445 e631 d0                 				FCB		$D0								;Dim
0446 e632 70                 				FCB		$70								;"3" laser string end
0447 e644                    				ORG		9*stringLength+laserStart					;"E" laser string
0448 e644 37                 				FCB		$37								;X
0449 e645 0d                 				FCB		$0D								;Y
0450 e646 b0                 				FCB		$B0								;Bright
0451 e647 03                 				FCB		$03								;X
0452 e648 0d                 				FCB		$0D								;Y
0453 e649 03                 				FCB		$03								;X
0454 e64a 5b                 				FCB		$5B								;Y
0455 e64b 37                 				FCB		$37								;X
0456 e64c 5b                 				FCB		$5B								;Y
0457 e64d d0                 				FCB		$D0								;Dim
0458 e64e 03                 				FCB		$03								;X
0459 e64f 34                 				FCB		$34								;Y
0460 e650 b0                 				FCB		$B0								;Bright
0461 e651 2a                 				FCB		$2A								;X
0462 e652 34                 				FCB		$34								;Y
0463 e653 d0                 				FCB		$D0								;Dim
0464 e654 70                 				FCB		$70								;"E" laser string end
0465 e668                    				ORG		10*stringLength+laserStart					;"D" laser string
0466 e668 37                 				FCB		$37								;X
0467 e669 1a                 				FCB		$1A								;Y
0468 e66a b0                 				FCB		$B0								;Bright
0469 e66b 37                 				FCB		$37								;X
0470 e66c 4e                 				FCB		$4E								;Y
0471 e66d 2a                 				FCB		$2A								;X
0472 e66e 5b                 				FCB		$5B								;Y
0473 e66f 03                 				FCB		$03								;X
0474 e670 5b                 				FCB		$5B								;Y
0475 e671 03                 				FCB		$03								;X
0476 e672 0d                 				FCB		$0D								;Y
0477 e673 2a                 				FCB		$2A								;X
0478 e674 0d                 				FCB		$0D								;Y
0479 e675 37                 				FCB		$37								;X
0480 e676 1a                 				FCB		$1A								;Y
0481 e677 d0                 				FCB		$D0								;Dim
0482 e678 70                 				FCB		$70								;"D" laser string end
0483 e68c                    				ORG		11*stringLength+laserStart					;"C" laser string
0484 e68c 37                 				FCB		$37								;X
0485 e68d 4e                 				FCB		$4E								;Y
0486 e68e b0                 				FCB		$B0								;Bright
0487 e68f 2a                 				FCB		$2A								;X
0488 e690 5b                 				FCB		$5B								;Y
0489 e691 10                 				FCB		$10								;X
0490 e692 5b                 				FCB		$5B								;Y
0491 e693 03                 				FCB		$03								;X
0492 e694 4e                 				FCB		$4E								;Y
0493 e695 03                 				FCB		$03								;X
0494 e696 1a                 				FCB		$1A								;Y
0495 e697 10                 				FCB		$10								;X
0496 e698 0d                 				FCB		$0D								;Y
0497 e699 2a                 				FCB		$2A								;X
0498 e69a 0d                 				FCB		$0D								;Y
0499 e69b 37                 				FCB		$37								;X
0500 e69c 1a                 				FCB		$1A								;Y
0501 e69d d0                 				FCB		$D0								;Dim
0502 e69e 70                 				FCB		$70								;"C" laser string end
0503 e6b0                    				ORG		12*stringLength+laserStart					;"4" laser string
0504 e6b0 2a                 				FCB		$2A								;X
0505 e6b1 0d                 				FCB		$0D								;Y
0506 e6b2 b0                 				FCB		$B0								;Bright
0507 e6b3 2a                 				FCB		$2A								;X
0508 e6b4 5b                 				FCB		$5B								;Y
0509 e6b5 03                 				FCB		$03								;X
0510 e6b6 34                 				FCB		$34								;Y
0511 e6b7 03                 				FCB		$03								;X
0512 e6b8 27                 				FCB		$27								;Y
0513 e6b9 37                 				FCB		$37								;X
0514 e6ba 27                 				FCB		$27								;Y
0515 e6bb d0                 				FCB		$D0								;Dim
0516 e6bc 70                 				FCB		$70								;"4" laser string end
0517 e6d4                    				ORG		13*stringLength+laserStart					;"R" laser string
0518 e6d4 03                 				FCB		$03								;X
0519 e6d5 0d                 				FCB		$0D								;Y
0520 e6d6 b0                 				FCB		$B0								;Bright
0521 e6d7 03                 				FCB		$03								;X
0522 e6d8 5b                 				FCB		$5B								;Y
0523 e6d9 2a                 				FCB		$2A								;X
0524 e6da 5b                 				FCB		$5B								;Y
0525 e6db 37                 				FCB		$37								;X
0526 e6dc 4e                 				FCB		$4E								;Y
0527 e6dd 37                 				FCB		$37								;X
0528 e6de 41                 				FCB		$41								;Y
0529 e6df 2a                 				FCB		$2A								;X
0530 e6e0 34                 				FCB		$34								;Y
0531 e6e1 03                 				FCB		$03								;X
0532 e6e2 34                 				FCB		$34								;Y
0533 e6e3 d0                 				FCB		$D0								;Dim
0534 e6e4 10                 				FCB		$10								;X
0535 e6e5 34                 				FCB		$34								;Y
0536 e6e6 b0                 				FCB		$B0								;Bright
0537 e6e7 37                 				FCB		$37								;X
0538 e6e8 0d                 				FCB		$0D								;Y
0539 e6e9 d0                 				FCB		$D0								;Dim
0540 e6ea 70                 				FCB		$70								;"R" laser string end
0541 e6f8                    				ORG		14*stringLength+laserStart					;"F" laser string
0542 e6f8 03                 				FCB		$03								;X
0543 e6f9 0d                 				FCB		$0D								;Y
0544 e6fa b0                 				FCB		$B0								;Bright
0545 e6fb 03                 				FCB		$03								;X
0546 e6fc 5b                 				FCB		$5B								;Y
0547 e6fd 37                 				FCB		$37								;X
0548 e6fe 5b                 				FCB		$5B								;Y
0549 e6ff d0                 				FCB		$D0								;Dim
0550 e700 03                 				FCB		$03								;X
0551 e701 34                 				FCB		$34								;Y
0552 e702 b0                 				FCB		$B0								;Bright
0553 e703 2a                 				FCB		$2A								;X
0554 e704 34                 				FCB		$34								;Y
0555 e705 d0                 				FCB		$D0								;Dim
0556 e706 70                 				FCB		$70								;"F" laser string end
0557 e71c                    				ORG		15*stringLength+laserStart					;"V" laser string
0558 e71c 03                 				FCB		$03								;X
0559 e71d 5b                 				FCB		$5B								;Y
0560 e71e b0                 				FCB		$B0								;Bright
0561 e71f 1d                 				FCB		$1D								;X
0562 e720 0d                 				FCB		$0D								;Y
0563 e721 37                 				FCB		$37								;X
0564 e722 5b                 				FCB		$5B								;Y
0565 e723 d0                 				FCB		$D0								;Dim
0566 e724 70                 				FCB		$70								;"V" laser string end
0567 e740                    				ORG		16*stringLength+laserStart					;"5" laser string
0568 e740 03                 				FCB		$03								;X
0569 e741 1a                 				FCB		$1A								;Y
0570 e742 b0                 				FCB		$B0								;Bright
0571 e743 10                 				FCB		$10								;X
0572 e744 0d                 				FCB		$0D								;Y
0573 e745 2a                 				FCB		$2A								;X
0574 e746 0d                 				FCB		$0D								;Y
0575 e747 37                 				FCB		$37								;X
0576 e748 1a                 				FCB		$1A								;Y
0577 e749 37                 				FCB		$37								;X
0578 e74a 34                 				FCB		$34								;Y
0579 e74b 2a                 				FCB		$2A								;X
0580 e74c 41                 				FCB		$41								;Y
0581 e74d 03                 				FCB		$03								;X
0582 e74e 41                 				FCB		$41								;Y
0583 e74f 03                 				FCB		$03								;X
0584 e750 5b                 				FCB		$5B								;Y
0585 e751 37                 				FCB		$37								;X
0586 e752 5b                 				FCB		$5B								;Y
0587 e753 d0                 				FCB		$D0								;Dim
0588 e754 70                 				FCB		$70								;"5" laser string end
0589 e764                    				ORG		17*stringLength+laserStart					;"T" laser string
0590 e764 1d                 				FCB		$1D								;X
0591 e765 0d                 				FCB		$0D								;Y
0592 e766 b0                 				FCB		$B0								;Bright
0593 e767 1d                 				FCB		$1D								;X
0594 e768 5b                 				FCB		$5B								;Y
0595 e769 d0                 				FCB		$D0								;Dim
0596 e76a 03                 				FCB		$03								;X
0597 e76b 5b                 				FCB		$5B								;Y
0598 e76c b0                 				FCB		$B0								;Bright
0599 e76d 37                 				FCB		$37								;X
0600 e76e 5b                 				FCB		$5B								;Y
0601 e76f d0                 				FCB		$D0								;Dim
0602 e770 70                 				FCB		$70								;"T" laser string end
0603 e788                    				ORG		18*stringLength+laserStart					;"G" laser string
0604 e788 1d                 				FCB		$1D								;X
0605 e789 34                 				FCB		$34								;Y
0606 e78a b0                 				FCB		$B0								;Bright
0607 e78b 37                 				FCB		$37								;X
0608 e78c 34                 				FCB		$34								;Y
0609 e78d 37                 				FCB		$37								;X
0610 e78e 0d                 				FCB		$0D								;Y
0611 e78f 10                 				FCB		$10								;X
0612 e790 0d                 				FCB		$0D								;Y
0613 e791 03                 				FCB		$03								;X
0614 e792 1a                 				FCB		$1A								;Y
0615 e793 03                 				FCB		$03								;X
0616 e794 4e                 				FCB		$4E								;Y
0617 e795 10                 				FCB		$10								;X
0618 e796 5b                 				FCB		$5B								;Y
0619 e797 2a                 				FCB		$2A								;X
0620 e798 5b                 				FCB		$5B								;Y
0621 e799 37                 				FCB		$37								;X
0622 e79a 4e                 				FCB		$4E								;Y
0623 e79b d0                 				FCB		$D0								;Dim
0624 e79c 70                 				FCB		$70								;"G" laser string end
0625 e980                    				ORG		0+32*stringLength+laserStart					;"6" laser string
0626 e980 03                 				FCB		$03								;X
0627 e981 34                 				FCB		$34								;Y
0628 e982 b0                 				FCB		$B0								;Bright
0629 e983 37                 				FCB		$37								;X
0630 e984 34                 				FCB		$34								;Y
0631 e985 37                 				FCB		$37								;X
0632 e986 0d                 				FCB		$0D								;Y
0633 e987 03                 				FCB		$03								;X
0634 e988 0d                 				FCB		$0D								;Y
0635 e989 03                 				FCB		$03								;X
0636 e98a 5b                 				FCB		$5B								;Y
0637 e98b 37                 				FCB		$37								;X
0638 e98c 5b                 				FCB		$5B								;Y
0639 e98d d0                 				FCB		$D0								;Dim
0640 e98e 70                 				FCB		$70								;"6" laser string end
0641 e9a4                    				ORG		1+32*stringLength+laserStart					;"Y" laser string
0642 e9a4 03                 				FCB		$03								;X
0643 e9a5 5b                 				FCB		$5B								;Y
0644 e9a6 b0                 				FCB		$B0								;Bright
0645 e9a7 1d                 				FCB		$1D								;X
0646 e9a8 27                 				FCB		$27								;Y
0647 e9a9 37                 				FCB		$37								;X
0648 e9aa 5b                 				FCB		$5B								;Y
0649 e9ab d0                 				FCB		$D0								;Dim
0650 e9ac 1d                 				FCB		$1D								;X
0651 e9ad 27                 				FCB		$27								;Y
0652 e9ae b0                 				FCB		$B0								;Bright
0653 e9af 1d                 				FCB		$1D								;X
0654 e9b0 03                 				FCB		$03								;Y
0655 e9b1 d0                 				FCB		$D0								;Dim
0656 e9b2 70                 				FCB		$70								;"Y" laser string end
0657 e9c8                    				ORG		2+32*stringLength+laserStart					;"H" laser string
0658 e9c8 03                 				FCB		$03								;X
0659 e9c9 0d                 				FCB		$0D								;Y
0660 e9ca b0                 				FCB		$B0								;Bright
0661 e9cb 03                 				FCB		$03								;X
0662 e9cc 5b                 				FCB		$5B								;Y
0663 e9cd d0                 				FCB		$D0								;Dim
0664 e9ce 03                 				FCB		$03								;X
0665 e9cf 34                 				FCB		$34								;Y
0666 e9d0 b0                 				FCB		$B0								;Bright
0667 e9d1 37                 				FCB		$37								;X
0668 e9d2 34                 				FCB		$34								;Y
0669 e9d3 d0                 				FCB		$D0								;Dim
0670 e9d4 37                 				FCB		$37								;X
0671 e9d5 5b                 				FCB		$5B								;Y
0672 e9d6 b0                 				FCB		$B0								;Bright
0673 e9d7 37                 				FCB		$37								;X
0674 e9d8 0d                 				FCB		$0D								;Y
0675 e9d9 d0                 				FCB		$D0								;Dim
0676 e9da 70                 				FCB		$70								;"H" laser string end
0677 ea10                    				ORG		4+32*stringLength+laserStart					;"7" laser string
0678 ea10 03                 				FCB		$03								;X
0679 ea11 5b                 				FCB		$5B								;Y
0680 ea12 b0                 				FCB		$B0								;Bright
0681 ea13 37                 				FCB		$37								;X
0682 ea14 5b                 				FCB		$5B								;Y
0683 ea15 37                 				FCB		$37								;X
0684 ea16 4e                 				FCB		$4E								;Y
0685 ea17 10                 				FCB		$10								;X
0686 ea18 27                 				FCB		$27								;Y
0687 ea19 10                 				FCB		$10								;X
0688 ea1a 0d                 				FCB		$0D								;Y
0689 ea1b d0                 				FCB		$D0								;Dim
0690 ea1c 70                 				FCB		$70								;"7" laser string end
0691 ea34                    				ORG		5+32*stringLength+laserStart					;"U" laser string
0692 ea34 03                 				FCB		$03								;X
0693 ea35 5b                 				FCB		$5B								;Y
0694 ea36 b0                 				FCB		$B0								;Bright
0695 ea37 03                 				FCB		$03								;X
0696 ea38 0d                 				FCB		$0D								;Y
0697 ea39 37                 				FCB		$37								;X
0698 ea3a 0d                 				FCB		$0D								;Y
0699 ea3b 37                 				FCB		$37								;X
0700 ea3c 5b                 				FCB		$5B								;Y
0701 ea3d d0                 				FCB		$D0								;Dim
0702 ea3e 70                 				FCB		$70								;"U" laser string end
0703 ea58                    				ORG		6+32*stringLength+laserStart					;"J" laser string
0704 ea58 03                 				FCB		$03								;X
0705 ea59 1a                 				FCB		$1A								;Y
0706 ea5a b0                 				FCB		$B0								;Bright
0707 ea5b 10                 				FCB		$10								;X
0708 ea5c 0d                 				FCB		$0D								;Y
0709 ea5d 1d                 				FCB		$1D								;X
0710 ea5e 0d                 				FCB		$0D								;Y
0711 ea5f 2a                 				FCB		$2A								;X
0712 ea60 1a                 				FCB		$1A								;Y
0713 ea61 2a                 				FCB		$2A								;X
0714 ea62 1a                 				FCB		$1A								;Y
0715 ea63 2a                 				FCB		$2A								;X
0716 ea64 5b                 				FCB		$5B								;Y
0717 ea65 d0                 				FCB		$D0								;Dim
0718 ea66 1d                 				FCB		$1D								;X
0719 ea67 5b                 				FCB		$5B								;Y
0720 ea68 b0                 				FCB		$B0								;Bright
0721 ea69 37                 				FCB		$37								;X
0722 ea6a 5b                 				FCB		$5B								;Y
0723 ea6b d0                 				FCB		$D0								;Dim
0724 ea6c 70                 				FCB		$70								;"J" laser string end
0725 ea7c                    				ORG		7+32*stringLength+laserStart					;"B" laser string
0726 ea7c 03                 				FCB		$03								;X
0727 ea7d 34                 				FCB		$34								;Y
0728 ea7e b0                 				FCB		$B0								;Bright
0729 ea7f 37                 				FCB		$37								;X
0730 ea80 34                 				FCB		$34								;Y
0731 ea81 37                 				FCB		$37								;X
0732 ea82 0d                 				FCB		$0D								;Y
0733 ea83 03                 				FCB		$03								;X
0734 ea84 0d                 				FCB		$0D								;Y
0735 ea85 03                 				FCB		$03								;X
0736 ea86 5b                 				FCB		$5B								;Y
0737 ea87 2a                 				FCB		$2A								;X
0738 ea88 5b                 				FCB		$5B								;Y
0739 ea89 2a                 				FCB		$2A								;X
0740 ea8a 34                 				FCB		$34								;Y
0741 ea8b d0                 				FCB		$D0								;Dim
0742 ea8c 70                 				FCB		$70								;"B" laser string end
0743 eaa0                    				ORG		8+32*stringLength+laserStart					;"8" laser string
0744 eaa0 03                 				FCB		$03								;X
0745 eaa1 34                 				FCB		$34								;Y
0746 eaa2 b0                 				FCB		$B0								;Bright
0747 eaa3 03                 				FCB		$03								;X
0748 eaa4 0d                 				FCB		$0D								;Y
0749 eaa5 37                 				FCB		$37								;X
0750 eaa6 0d                 				FCB		$0D								;Y
0751 eaa7 37                 				FCB		$37								;X
0752 eaa8 5b                 				FCB		$5B								;Y
0753 eaa9 03                 				FCB		$03								;X
0754 eaaa 5b                 				FCB		$5B								;Y
0755 eaab 03                 				FCB		$03								;X
0756 eaac 34                 				FCB		$34								;Y
0757 eaad 37                 				FCB		$37								;X
0758 eaae 34                 				FCB		$34								;Y
0759 eaaf d0                 				FCB		$D0								;Dim
0760 eab0 70                 				FCB		$70								;"8" laser string end
0761 eac4                    				ORG		9+32*stringLength+laserStart					;"I" laser string
0762 eac4 1d                 				FCB		$1D								;X
0763 eac5 0d                 				FCB		$0D								;Y
0764 eac6 b0                 				FCB		$B0								;Bright
0765 eac7 1d                 				FCB		$1D								;X
0766 eac8 5b                 				FCB		$5B								;Y
0767 eac9 d0                 				FCB		$D0								;Dim
0768 eaca 2a                 				FCB		$2A								;X
0769 eacb 5b                 				FCB		$5B								;Y
0770 eacc b0                 				FCB		$B0								;Bright
0771 eacd 10                 				FCB		$10								;X
0772 eace 5b                 				FCB		$5B								;Y
0773 eacf d0                 				FCB		$D0								;Dim
0774 ead0 10                 				FCB		$10								;X
0775 ead1 0d                 				FCB		$0D								;Y
0776 ead2 b0                 				FCB		$B0								;Bright
0777 ead3 2a                 				FCB		$2A								;X
0778 ead4 0d                 				FCB		$0D								;Y
0779 ead5 d0                 				FCB		$D0								;Dim
0780 ead6 70                 				FCB		$70								;"I" laser string end
0781 eae8                    				ORG		10+32*stringLength+laserStart					;"K" laser string
0782 eae8 03                 				FCB		$03								;X
0783 eae9 0d                 				FCB		$0D								;Y
0784 eaea b0                 				FCB		$B0								;Bright
0785 eaeb 03                 				FCB		$03								;X
0786 eaec 5b                 				FCB		$5B								;Y
0787 eaed d0                 				FCB		$D0								;Dim
0788 eaee 37                 				FCB		$37								;X
0789 eaef 5b                 				FCB		$5B								;Y
0790 eaf0 b0                 				FCB		$B0								;Bright
0791 eaf1 10                 				FCB		$10								;X
0792 eaf2 34                 				FCB		$34								;Y
0793 eaf3 03                 				FCB		$03								;X
0794 eaf4 34                 				FCB		$34								;Y
0795 eaf5 d0                 				FCB		$D0								;Dim
0796 eaf6 10                 				FCB		$10								;X
0797 eaf7 34                 				FCB		$34								;Y
0798 eaf8 b0                 				FCB		$B0								;Bright
0799 eaf9 37                 				FCB		$37								;X
0800 eafa 0d                 				FCB		$0D								;Y
0801 eafb d0                 				FCB		$D0								;Dim
0802 eafc 70                 				FCB		$70								;"K" laser string end
0803 eb0c                    				ORG		11+32*stringLength+laserStart					;"N" laser string
0804 eb0c 03                 				FCB		$03								;X
0805 eb0d 0d                 				FCB		$0D								;Y
0806 eb0e b0                 				FCB		$B0								;Bright
0807 eb0f 03                 				FCB		$03								;X
0808 eb10 5b                 				FCB		$5B								;Y
0809 eb11 d0                 				FCB		$D0								;Dim
0810 eb12 03                 				FCB		$03								;X
0811 eb13 4e                 				FCB		$4E								;Y
0812 eb14 b0                 				FCB		$B0								;Bright
0813 eb15 37                 				FCB		$37								;X
0814 eb16 1a                 				FCB		$1A								;Y
0815 eb17 d0                 				FCB		$D0								;Dim
0816 eb18 37                 				FCB		$37								;X
0817 eb19 0d                 				FCB		$0D								;Y
0818 eb1a b0                 				FCB		$B0								;Bright
0819 eb1b 37                 				FCB		$37								;X
0820 eb1c 5b                 				FCB		$5B								;Y
0821 eb1d d0                 				FCB		$D0								;Dim
0822 eb1e 70                 				FCB		$70								;"N" laser string end
0823 eb30                    				ORG		12+32*stringLength+laserStart					;"9" laser string
0824 eb30 10                 				FCB		$10								;X
0825 eb31 0d                 				FCB		$0D								;Y
0826 eb32 b0                 				FCB		$B0								;Bright
0827 eb33 1d                 				FCB		$1D								;X
0828 eb34 0d                 				FCB		$0D								;Y
0829 eb35 37                 				FCB		$37								;X
0830 eb36 27                 				FCB		$27								;Y
0831 eb37 37                 				FCB		$37								;X
0832 eb38 4e                 				FCB		$4E								;Y
0833 eb39 2a                 				FCB		$2A								;X
0834 eb3a 5b                 				FCB		$5B								;Y
0835 eb3b 10                 				FCB		$10								;X
0836 eb3c 5b                 				FCB		$5B								;Y
0837 eb3d 03                 				FCB		$03								;X
0838 eb3e 4e                 				FCB		$4E								;Y
0839 eb3f 03                 				FCB		$03								;X
0840 eb40 41                 				FCB		$41								;Y
0841 eb41 10                 				FCB		$10								;X
0842 eb42 34                 				FCB		$34								;Y
0843 eb43 37                 				FCB		$37								;X
0844 eb44 34                 				FCB		$34								;Y
0845 eb45 d0                 				FCB		$D0								;Dim
0846 eb46 70                 				FCB		$70								;"9" laser string end
0847 eb54                    				ORG		13+32*stringLength+laserStart					;"O" laser string
0848 eb54 03                 				FCB		$03								;X
0849 eb55 1a                 				FCB		$1A								;Y
0850 eb56 b0                 				FCB		$B0								;Bright
0851 eb57 10                 				FCB		$10								;X
0852 eb58 0d                 				FCB		$0D								;Y
0853 eb59 2a                 				FCB		$2A								;X
0854 eb5a 0d                 				FCB		$0D								;Y
0855 eb5b 37                 				FCB		$37								;X
0856 eb5c 1a                 				FCB		$1A								;Y
0857 eb5d 37                 				FCB		$37								;X
0858 eb5e 4e                 				FCB		$4E								;Y
0859 eb5f 2a                 				FCB		$2A								;X
0860 eb60 5b                 				FCB		$5B								;Y
0861 eb61 10                 				FCB		$10								;X
0862 eb62 5b                 				FCB		$5B								;Y
0863 eb63 03                 				FCB		$03								;X
0864 eb64 4e                 				FCB		$4E								;Y
0865 eb65 03                 				FCB		$03								;X
0866 eb66 1a                 				FCB		$1A								;Y
0867 eb67 d0                 				FCB		$D0								;Dim
0868 eb68 70                 				FCB		$70								;"O" laser string end
0869 eb78                    				ORG		14+32*stringLength+laserStart					;"L" laser string
0870 eb78 03                 				FCB		$03								;X
0871 eb79 5b                 				FCB		$5B								;Y
0872 eb7a b0                 				FCB		$B0								;Bright
0873 eb7b 03                 				FCB		$03								;X
0874 eb7c 0d                 				FCB		$0D								;Y
0875 eb7d 37                 				FCB		$37								;X
0876 eb7e 0d                 				FCB		$0D								;Y
0877 eb7f d0                 				FCB		$D0								;Dim
0878 eb80 70                 				FCB		$70								;"L" laser string end
0879 eb9c                    				ORG		15+32*stringLength+laserStart					;"M" laser string
0880 eb9c 03                 				FCB		$03								;X
0881 eb9d 0d                 				FCB		$0D								;Y
0882 eb9e b0                 				FCB		$B0								;Bright
0883 eb9f 03                 				FCB		$03								;X
0884 eba0 5b                 				FCB		$5B								;Y
0885 eba1 1d                 				FCB		$1D								;X
0886 eba2 41                 				FCB		$41								;Y
0887 eba3 37                 				FCB		$37								;X
0888 eba4 5b                 				FCB		$5B								;Y
0889 eba5 37                 				FCB		$37								;X
0890 eba6 0d                 				FCB		$0D								;Y
0891 eba7 d0                 				FCB		$D0								;Dim
0892 eba8 70                 				FCB		$70								;"M" laser string end
0893 ebc0                    				ORG		16+32*stringLength+laserStart					;"0" laser string
0894 ebc0 03                 				FCB		$03								;X
0895 ebc1 1a                 				FCB		$1A								;Y
0896 ebc2 b0                 				FCB		$B0								;Bright
0897 ebc3 10                 				FCB		$10								;X
0898 ebc4 0d                 				FCB		$0D								;Y
0899 ebc5 2a                 				FCB		$2A								;X
0900 ebc6 0d                 				FCB		$0D								;Y
0901 ebc7 37                 				FCB		$37								;X
0902 ebc8 0d                 				FCB		$0D								;Y
0903 ebc9 37                 				FCB		$37								;X
0904 ebca 4e                 				FCB		$4E								;Y
0905 ebcb 2a                 				FCB		$2A								;X
0906 ebcc 5b                 				FCB		$5B								;Y
0907 ebcd 10                 				FCB		$10								;X
0908 ebce 5b                 				FCB		$5B								;Y
0909 ebcf 03                 				FCB		$03								;X
0910 ebd0 4e                 				FCB		$4E								;Y
0911 ebd1 03                 				FCB		$03								;X
0912 ebd2 1a                 				FCB		$1A								;Y
0913 ebd3 37                 				FCB		$37								;X
0914 ebd4 4e                 				FCB		$4E								;Y
0915 ebd5 d0                 				FCB		$D0								;Dim
0916 ebd6 70                 				FCB		$70								;"0" laser string end
0917 ebe4                    				ORG		17+32*stringLength+laserStart					;"P" laser string
0918 ebe4 03                 				FCB		$03								;X
0919 ebe5 0d                 				FCB		$0D								;Y
0920 ebe6 b0                 				FCB		$B0								;Bright
0921 ebe7 03                 				FCB		$03								;X
0922 ebe8 5b                 				FCB		$5B								;Y
0923 ebe9 2a                 				FCB		$2A								;X
0924 ebea 5b                 				FCB		$5B								;Y
0925 ebeb 37                 				FCB		$37								;X
0926 ebec 4e                 				FCB		$4E								;Y
0927 ebed 37                 				FCB		$37								;X
0928 ebee 41                 				FCB		$41								;Y
0929 ebef 2a                 				FCB		$2A								;X
0930 ebf0 34                 				FCB		$34								;Y
0931 ebf1 03                 				FCB		$03								;X
0932 ebf2 34                 				FCB		$34								;Y
0933 ebf3 d0                 				FCB		$D0								;Dim
0934 ebf4 70                 				FCB		$70								;"P" laser string end
0935 ec08                    				ORG		18+32*stringLength+laserStart					;"Z" laser string
0936 ec08 03                 				FCB		$03								;X
0937 ec09 5b                 				FCB		$5B								;Y
0938 ec0a b0                 				FCB		$B0								;Bright
0939 ec0b 37                 				FCB		$37								;X
0940 ec0c 5b                 				FCB		$5B								;Y
0941 ec0d 37                 				FCB		$37								;X
0942 ec0e 4e                 				FCB		$4E								;Y
0943 ec0f 03                 				FCB		$03								;X
0944 ec10 1a                 				FCB		$1A								;Y
0945 ec11 03                 				FCB		$03								;X
0946 ec12 0d                 				FCB		$0D								;Y
0947 ec13 37                 				FCB		$37								;X
0948 ec14 0d                 				FCB		$0D								;Y
0949 ec15 d0                 				FCB		$D0								;Dim
0950 ec16 70                 				FCB		$70								;"Z" laser string end
0951 ed00                    				ORG		animationStart							;Animation
0952 ed00 d0                 				FCB		$D0								;Dim
0953 ed01 70                 				FCB		$70								;Animation end
0954                         
0955 fff2                    				ORG		$FFF2								;ISR vector
0956 fff2 e1 24              				FDB		ISR								;ISR address
0957 fffe                    				ORG		$FFFE								;Reset vector
0958 fffe e0 00              				FDB		$E000								;Reset address
0959                         * ;EEPROM end  							;Reset address
