Build started 9/16/2010 4:25:50 PM.
     1>Project "C:\Users\john.snoap\Downloads\Programming\Labs\Lab02_Tasks\madlib\madlib.vcxproj" on node 2 (build target(s)).
     1>InitializeBuildStatus:
         Creating "Debug\madlib.unsuccessfulbuild" because "AlwaysCreate" was specified.
       ClCompile:
         C:\Program Files\Microsoft Visual Studio 10.0\VC\bin\CL.exe /c /ZI /nologo /W3 /WX- /Od /Oy- /D WIN32 /D _DEBUG /D _CONSOLE /D _VC80_UPGRADE=0x0710 /D _MBCS /Gm /EHsc /RTC1 /MTd /GS /fp:precise /Zc:wchar_t /Zc:forScope /Fo"Debug\\" /Fd"Debug\vc100.pdb" /Gd /TP /analyze- /errorReport:prompt madlib.cpp
         madlib.cpp
       ManifestResourceCompile:
         All outputs are up-to-date.
       Link:
         C:\Program Files\Microsoft Visual Studio 10.0\VC\bin\link.exe /ERRORREPORT:PROMPT /OUT:"Debug\madlib.exe" /INCREMENTAL /NOLOGO kernel32.lib user32.lib gdi32.lib winspool.lib comdlg32.lib advapi32.lib shell32.lib ole32.lib oleaut32.lib uuid.lib odbc32.lib odbccp32.lib /MANIFEST /ManifestFile:"Debug\madlib.exe.intermediate.manifest" /MANIFESTUAC:"level='asInvoker' uiAccess='false'" /DEBUG /PDB:"Debug\madlib.pdb" /SUBSYSTEM:CONSOLE /TLBID:1 /DYNAMICBASE:NO /IMPLIB:"Debug\madlib.lib" /MACHINE:X86 Debug\madlib.exe.embed.manifest.res
         Debug\madlib.obj
       Manifest:
         C:\Program Files\Microsoft SDKs\Windows\v7.0A\bin\mt.exe /nologo /verbose /out:"Debug\madlib.exe.embed.manifest" /manifest Debug\madlib.exe.intermediate.manifest
         All outputs are up-to-date.
       LinkEmbedManifest:
         All outputs are up-to-date.
         madlib.vcxproj -> C:\Users\john.snoap\Downloads\Programming\Labs\Lab02_Tasks\madlib\Debug\madlib.exe
       FinalizeBuildStatus:
         Deleting file "Debug\madlib.unsuccessfulbuild".
         Touching "Debug\madlib.lastbuildstate".
     1>Done Building Project "C:\Users\john.snoap\Downloads\Programming\Labs\Lab02_Tasks\madlib\madlib.vcxproj" (build target(s)).

Build succeeded.

Time Elapsed 00:00:01.44
