C:\Users\andy.harbert\Documents\temp\Lab 02 Fall09\Lab02_Tasks\madlib\Debug\cl.command.1.tlog
C:\Users\andy.harbert\Documents\temp\Lab 02 Fall09\Lab02_Tasks\madlib\Debug\CL.read.1.tlog
C:\Users\andy.harbert\Documents\temp\Lab 02 Fall09\Lab02_Tasks\madlib\Debug\CL.write.1.tlog
C:\Users\andy.harbert\Documents\temp\Lab 02 Fall09\Lab02_Tasks\madlib\Debug\link.command.1.tlog
C:\Users\andy.harbert\Documents\temp\Lab 02 Fall09\Lab02_Tasks\madlib\Debug\link.read.1.tlog
C:\Users\andy.harbert\Documents\temp\Lab 02 Fall09\Lab02_Tasks\madlib\Debug\link.write.1.tlog
C:\Users\andy.harbert\Documents\temp\Lab 02 Fall09\Lab02_Tasks\madlib\Debug\link-cvtres.read.1.tlog
C:\Users\andy.harbert\Documents\temp\Lab 02 Fall09\Lab02_Tasks\madlib\Debug\link-cvtres.write.1.tlog
C:\USERS\ANDY.HARBERT\DOCUMENTS\TEMP\LAB 02 FALL09\LAB02_TASKS\MADLIB\DEBUG\MADLIB.EXE
C:\USERS\ANDY.HARBERT\DOCUMENTS\TEMP\LAB 02 FALL09\LAB02_TASKS\MADLIB\DEBUG\MADLIB.EXE.EMBED.MANIFEST
C:\USERS\ANDY.HARBERT\DOCUMENTS\TEMP\LAB 02 FALL09\LAB02_TASKS\MADLIB\DEBUG\MADLIB.EXE.EMBED.MANIFEST.RES
C:\USERS\ANDY.HARBERT\DOCUMENTS\TEMP\LAB 02 FALL09\LAB02_TASKS\MADLIB\DEBUG\MADLIB.EXE.INTERMEDIATE.MANIFEST
C:\USERS\ANDY.HARBERT\DOCUMENTS\TEMP\LAB 02 FALL09\LAB02_TASKS\MADLIB\DEBUG\MADLIB.ILK
C:\USERS\ANDY.HARBERT\DOCUMENTS\TEMP\LAB 02 FALL09\LAB02_TASKS\MADLIB\DEBUG\MADLIB.OBJ
C:\USERS\ANDY.HARBERT\DOCUMENTS\TEMP\LAB 02 FALL09\LAB02_TASKS\MADLIB\DEBUG\MADLIB.PDB
C:\Users\andy.harbert\Documents\temp\Lab 02 Fall09\Lab02_Tasks\madlib\Debug\madlib_manifest.rc
C:\Users\andy.harbert\Documents\temp\Lab 02 Fall09\Lab02_Tasks\madlib\Debug\mt.command.1.tlog
C:\Users\andy.harbert\Documents\temp\Lab 02 Fall09\Lab02_Tasks\madlib\Debug\mt.read.1.tlog
C:\Users\andy.harbert\Documents\temp\Lab 02 Fall09\Lab02_Tasks\madlib\Debug\mt.write.1.tlog
C:\Users\andy.harbert\Documents\temp\Lab 02 Fall09\Lab02_Tasks\madlib\Debug\rc.command.1.tlog
C:\Users\andy.harbert\Documents\temp\Lab 02 Fall09\Lab02_Tasks\madlib\Debug\rc.read.1.tlog
C:\Users\andy.harbert\Documents\temp\Lab 02 Fall09\Lab02_Tasks\madlib\Debug\rc.write.1.tlog
C:\Users\andy.harbert\Documents\temp\Lab 02 Fall09\Lab02_Tasks\madlib\Debug\vc100.idb
C:\USERS\ANDY.HARBERT\DOCUMENTS\TEMP\LAB 02 FALL09\LAB02_TASKS\MADLIB\DEBUG\VC100.PDB
Debug\madlib.ilk
Debug\madlib.pdb
