C:\USERS\ANDY.HARBERT\DOCUMENTS\LOCAL COURSES\PROG 1\LAB10_TASKS\CHECKERBOARD\DEBUG\CHECKERBOARD.EXE.EMBED.MANIFEST
C:\USERS\ANDY.HARBERT\DOCUMENTS\LOCAL COURSES\PROG 1\LAB10_TASKS\CHECKERBOARD\DEBUG\CHECKERBOARD.EXE.EMBED.MANIFEST.RES
C:\USERS\ANDY.HARBERT\DOCUMENTS\LOCAL COURSES\PROG 1\LAB10_TASKS\CHECKERBOARD\DEBUG\CHECKERBOARD.EXE.INTERMEDIATE.MANIFEST
C:\USERS\ANDY.HARBERT\DOCUMENTS\LOCAL COURSES\PROG 1\LAB10_TASKS\CHECKERBOARD\DEBUG\CHECKERBOARD.OBJ
C:\Users\andy.harbert\Documents\Local Courses\Prog 1\Lab10_Tasks\checkerBoard\Debug\checkerBoard.write.1.tlog
C:\Users\andy.harbert\Documents\Local Courses\Prog 1\Lab10_Tasks\checkerBoard\Debug\checkerBoard_manifest.rc
C:\Users\andy.harbert\Documents\Local Courses\Prog 1\Lab10_Tasks\checkerBoard\Debug\cl.command.1.tlog
C:\Users\andy.harbert\Documents\Local Courses\Prog 1\Lab10_Tasks\checkerBoard\Debug\CL.read.1.tlog
C:\Users\andy.harbert\Documents\Local Courses\Prog 1\Lab10_Tasks\checkerBoard\Debug\CL.read.2.tlog
C:\Users\andy.harbert\Documents\Local Courses\Prog 1\Lab10_Tasks\checkerBoard\Debug\CL.write.1.tlog
C:\Users\andy.harbert\Documents\Local Courses\Prog 1\Lab10_Tasks\checkerBoard\Debug\link.10084.read.1.tlog
C:\Users\andy.harbert\Documents\Local Courses\Prog 1\Lab10_Tasks\checkerBoard\Debug\link.10084.read.2.tlog
C:\Users\andy.harbert\Documents\Local Courses\Prog 1\Lab10_Tasks\checkerBoard\Debug\link.10084.write.1.tlog
C:\Users\andy.harbert\Documents\Local Courses\Prog 1\Lab10_Tasks\checkerBoard\Debug\link.10084-cvtres.read.1.tlog
C:\Users\andy.harbert\Documents\Local Courses\Prog 1\Lab10_Tasks\checkerBoard\Debug\link.10084-cvtres.write.1.tlog
C:\Users\andy.harbert\Documents\Local Courses\Prog 1\Lab10_Tasks\checkerBoard\Debug\link.command.1.tlog
C:\Users\andy.harbert\Documents\Local Courses\Prog 1\Lab10_Tasks\checkerBoard\Debug\link.read.1.tlog
C:\Users\andy.harbert\Documents\Local Courses\Prog 1\Lab10_Tasks\checkerBoard\Debug\link.read.2.tlog
C:\Users\andy.harbert\Documents\Local Courses\Prog 1\Lab10_Tasks\checkerBoard\Debug\link.write.1.tlog
C:\Users\andy.harbert\Documents\Local Courses\Prog 1\Lab10_Tasks\checkerBoard\Debug\link-cvtres.read.1.tlog
C:\Users\andy.harbert\Documents\Local Courses\Prog 1\Lab10_Tasks\checkerBoard\Debug\link-cvtres.write.1.tlog
C:\Users\andy.harbert\Documents\Local Courses\Prog 1\Lab10_Tasks\checkerBoard\Debug\mt.command.1.tlog
C:\Users\andy.harbert\Documents\Local Courses\Prog 1\Lab10_Tasks\checkerBoard\Debug\mt.read.1.tlog
C:\Users\andy.harbert\Documents\Local Courses\Prog 1\Lab10_Tasks\checkerBoard\Debug\mt.write.1.tlog
C:\Users\andy.harbert\Documents\Local Courses\Prog 1\Lab10_Tasks\checkerBoard\Debug\rc.command.1.tlog
C:\Users\andy.harbert\Documents\Local Courses\Prog 1\Lab10_Tasks\checkerBoard\Debug\rc.read.1.tlog
C:\Users\andy.harbert\Documents\Local Courses\Prog 1\Lab10_Tasks\checkerBoard\Debug\rc.write.1.tlog
C:\Users\andy.harbert\Documents\Local Courses\Prog 1\Lab10_Tasks\checkerBoard\Debug\vc100.idb
C:\USERS\ANDY.HARBERT\DOCUMENTS\LOCAL COURSES\PROG 1\LAB10_TASKS\CHECKERBOARD\DEBUG\VC100.PDB
C:\USERS\ANDY.HARBERT\DOCUMENTS\LOCAL COURSES\PROG 1\LAB10_TASKS\DEBUG\CHECKERBOARD.EXE
C:\USERS\ANDY.HARBERT\DOCUMENTS\LOCAL COURSES\PROG 1\LAB10_TASKS\DEBUG\CHECKERBOARD.ILK
C:\USERS\ANDY.HARBERT\DOCUMENTS\LOCAL COURSES\PROG 1\LAB10_TASKS\DEBUG\CHECKERBOARD.PDB
