C:\Users\andy.harbert\Documents\temp\Lab01_Tasks\info\Debug\cl.command.1.tlog
C:\Users\andy.harbert\Documents\temp\Lab01_Tasks\info\Debug\CL.read.1.tlog
C:\Users\andy.harbert\Documents\temp\Lab01_Tasks\info\Debug\CL.write.1.tlog
C:\USERS\ANDY.HARBERT\DOCUMENTS\TEMP\LAB01_TASKS\INFO\DEBUG\INFO.EXE
C:\USERS\ANDY.HARBERT\DOCUMENTS\TEMP\LAB01_TASKS\INFO\DEBUG\INFO.EXE.EMBED.MANIFEST
C:\USERS\ANDY.HARBERT\DOCUMENTS\TEMP\LAB01_TASKS\INFO\DEBUG\INFO.EXE.EMBED.MANIFEST.RES
C:\USERS\ANDY.HARBERT\DOCUMENTS\TEMP\LAB01_TASKS\INFO\DEBUG\INFO.EXE.INTERMEDIATE.MANIFEST
C:\USERS\ANDY.HARBERT\DOCUMENTS\TEMP\LAB01_TASKS\INFO\DEBUG\INFO.ILK
C:\USERS\ANDY.HARBERT\DOCUMENTS\TEMP\LAB01_TASKS\INFO\DEBUG\INFO.OBJ
C:\USERS\ANDY.HARBERT\DOCUMENTS\TEMP\LAB01_TASKS\INFO\DEBUG\INFO.PDB
C:\Users\andy.harbert\Documents\temp\Lab01_Tasks\info\Debug\info_manifest.rc
C:\Users\andy.harbert\Documents\temp\Lab01_Tasks\info\Debug\link.command.1.tlog
C:\Users\andy.harbert\Documents\temp\Lab01_Tasks\info\Debug\link.read.1.tlog
C:\Users\andy.harbert\Documents\temp\Lab01_Tasks\info\Debug\link.write.1.tlog
C:\Users\andy.harbert\Documents\temp\Lab01_Tasks\info\Debug\link-cvtres.read.1.tlog
C:\Users\andy.harbert\Documents\temp\Lab01_Tasks\info\Debug\link-cvtres.write.1.tlog
C:\Users\andy.harbert\Documents\temp\Lab01_Tasks\info\Debug\mt.command.1.tlog
C:\Users\andy.harbert\Documents\temp\Lab01_Tasks\info\Debug\mt.read.1.tlog
C:\Users\andy.harbert\Documents\temp\Lab01_Tasks\info\Debug\mt.write.1.tlog
C:\Users\andy.harbert\Documents\temp\Lab01_Tasks\info\Debug\rc.command.1.tlog
C:\Users\andy.harbert\Documents\temp\Lab01_Tasks\info\Debug\rc.read.1.tlog
C:\Users\andy.harbert\Documents\temp\Lab01_Tasks\info\Debug\rc.write.1.tlog
C:\Users\andy.harbert\Documents\temp\Lab01_Tasks\info\Debug\vc100.idb
C:\USERS\ANDY.HARBERT\DOCUMENTS\TEMP\LAB01_TASKS\INFO\DEBUG\VC100.PDB
Debug\info.ilk
Debug\info.pdb
