Build started 9/30/2010 3:36:56 PM.
     1>Project "C:\Users\john.snoap\Documents\Programming I\Visual Studio 2010\Labs\Lab04_Tasks\BadIf\BadIf.vcxproj" on node 2 (build target(s)).
     1>InitializeBuildStatus:
         Touching "Debug\BadIf.unsuccessfulbuild".
       ClCompile:
         C:\Program Files\Microsoft Visual Studio 10.0\VC\bin\CL.exe /c /ZI /nologo /W3 /WX- /Od /Oy- /D WIN32 /D _DEBUG /D _CONSOLE /D _VC80_UPGRADE=0x0710 /D _MBCS /Gm /EHsc /RTC1 /MTd /GS /fp:precise /Zc:wchar_t /Zc:forScope /Fo"Debug\\" /Fd"Debug\vc100.pdb" /Gd /TP /analyze- /errorReport:prompt badif.cpp
         badif.cpp
       ManifestResourceCompile:
         C:\Program Files\Microsoft SDKs\Windows\v7.0A\bin\rc.exe /nologo /fo"Debug\BadIf.exe.embed.manifest.res" Debug\BadIf_manifest.rc 
       Link:
         C:\Program Files\Microsoft Visual Studio 10.0\VC\bin\link.exe /ERRORREPORT:PROMPT /OUT:"Debug\BadIf.exe" /INCREMENTAL /NOLOGO kernel32.lib user32.lib gdi32.lib winspool.lib comdlg32.lib advapi32.lib shell32.lib ole32.lib oleaut32.lib uuid.lib odbc32.lib odbccp32.lib /MANIFEST /ManifestFile:"Debug\BadIf.exe.intermediate.manifest" /MANIFESTUAC:"level='asInvoker' uiAccess='false'" /DEBUG /PDB:"Debug\BadIf.pdb" /SUBSYSTEM:CONSOLE /TLBID:1 /DYNAMICBASE:NO /IMPLIB:"Debug\BadIf.lib" /MACHINE:X86 Debug\BadIf.exe.embed.manifest.res
         Debug\badif.obj
       Manifest:
         C:\Program Files\Microsoft SDKs\Windows\v7.0A\bin\mt.exe /nologo /verbose /out:"Debug\BadIf.exe.embed.manifest" /manifest Debug\BadIf.exe.intermediate.manifest
         C:\Program Files\Microsoft SDKs\Windows\v7.0A\bin\rc.exe /nologo /fo"Debug\BadIf.exe.embed.manifest.res" Debug\BadIf_manifest.rc 
       LinkEmbedManifest:
         C:\Program Files\Microsoft Visual Studio 10.0\VC\bin\link.exe /ERRORREPORT:PROMPT /OUT:"Debug\BadIf.exe" /INCREMENTAL /NOLOGO kernel32.lib user32.lib gdi32.lib winspool.lib comdlg32.lib advapi32.lib shell32.lib ole32.lib oleaut32.lib uuid.lib odbc32.lib odbccp32.lib /MANIFEST /ManifestFile:"Debug\BadIf.exe.intermediate.manifest" /MANIFESTUAC:"level='asInvoker' uiAccess='false'" /DEBUG /PDB:"Debug\BadIf.pdb" /SUBSYSTEM:CONSOLE /TLBID:1 /DYNAMICBASE:NO /IMPLIB:"Debug\BadIf.lib" /MACHINE:X86 Debug\BadIf.exe.embed.manifest.res
         Debug\badif.obj
         BadIf.vcxproj -> C:\Users\john.snoap\Documents\Programming I\Visual Studio 2010\Labs\Lab04_Tasks\BadIf\Debug\BadIf.exe
       FinalizeBuildStatus:
         Deleting file "Debug\BadIf.unsuccessfulbuild".
         Touching "Debug\BadIf.lastbuildstate".
     1>Done Building Project "C:\Users\john.snoap\Documents\Programming I\Visual Studio 2010\Labs\Lab04_Tasks\BadIf\BadIf.vcxproj" (build target(s)).

Build succeeded.

Time Elapsed 00:00:11.58
