Build started 11/4/2010 4:06:59 PM.
     1>Project "C:\Users\john.snoap\Documents\Classes\Programming I\Visual Studio 2010\Labs\Lab08_Tasks\roman\roman.vcxproj" on node 2 (build target(s)).
     1>InitializeBuildStatus:
         Creating "Debug\roman.unsuccessfulbuild" because "AlwaysCreate" was specified.
       ClCompile:
         C:\Program Files\Microsoft Visual Studio 10.0\VC\bin\CL.exe /c /ZI /nologo /W3 /WX- /Od /Oy- /D WIN32 /D _DEBUG /D _CONSOLE /D _VC80_UPGRADE=0x0710 /D _MBCS /Gm /EHsc /RTC1 /MTd /GS /fp:precise /Zc:wchar_t /Zc:forScope /Fo"Debug\\" /Fd"Debug\vc100.pdb" /Gd /TP /analyze- /errorReport:prompt roman.cpp
         roman.cpp
       ManifestResourceCompile:
         All outputs are up-to-date.
       Link:
         C:\Program Files\Microsoft Visual Studio 10.0\VC\bin\link.exe /ERRORREPORT:PROMPT /OUT:"Debug\roman.exe" /INCREMENTAL /NOLOGO kernel32.lib user32.lib gdi32.lib winspool.lib comdlg32.lib advapi32.lib shell32.lib ole32.lib oleaut32.lib uuid.lib odbc32.lib odbccp32.lib /MANIFEST /ManifestFile:"Debug\roman.exe.intermediate.manifest" /MANIFESTUAC:"level='asInvoker' uiAccess='false'" /DEBUG /PDB:"Debug\roman.pdb" /SUBSYSTEM:CONSOLE /TLBID:1 /DYNAMICBASE:NO /IMPLIB:"Debug\roman.lib" /MACHINE:X86 Debug\roman.exe.embed.manifest.res
         Debug\roman.obj
       Manifest:
         C:\Program Files\Microsoft SDKs\Windows\v7.0A\bin\mt.exe /nologo /verbose /out:"Debug\roman.exe.embed.manifest" /manifest Debug\roman.exe.intermediate.manifest
         All outputs are up-to-date.
       LinkEmbedManifest:
         All outputs are up-to-date.
         roman.vcxproj -> C:\Users\john.snoap\Documents\Classes\Programming I\Visual Studio 2010\Labs\Lab08_Tasks\roman\Debug\roman.exe
       FinalizeBuildStatus:
         Deleting file "Debug\roman.unsuccessfulbuild".
         Touching "Debug\roman.lastbuildstate".
     1>Done Building Project "C:\Users\john.snoap\Documents\Classes\Programming I\Visual Studio 2010\Labs\Lab08_Tasks\roman\roman.vcxproj" (build target(s)).

Build succeeded.

Time Elapsed 00:00:01.66
