Debug\roman.ilk
Debug\roman.pdb
H:\Fall 2010\Programming I\Labs\Lab 08.Fall2010\Lab08_Tasks\roman\Debug\cl.command.1.tlog
H:\Fall 2010\Programming I\Labs\Lab 08.Fall2010\Lab08_Tasks\roman\Debug\CL.read.1.tlog
H:\Fall 2010\Programming I\Labs\Lab 08.Fall2010\Lab08_Tasks\roman\Debug\CL.write.1.tlog
H:\Fall 2010\Programming I\Labs\Lab 08.Fall2010\Lab08_Tasks\roman\Debug\link.3584.read.1.tlog
H:\Fall 2010\Programming I\Labs\Lab 08.Fall2010\Lab08_Tasks\roman\Debug\link.3584.read.2.tlog
H:\Fall 2010\Programming I\Labs\Lab 08.Fall2010\Lab08_Tasks\roman\Debug\link.3584.write.1.tlog
H:\Fall 2010\Programming I\Labs\Lab 08.Fall2010\Lab08_Tasks\roman\Debug\link.3584-cvtres.read.1.tlog
H:\Fall 2010\Programming I\Labs\Lab 08.Fall2010\Lab08_Tasks\roman\Debug\link.3584-cvtres.write.1.tlog
H:\Fall 2010\Programming I\Labs\Lab 08.Fall2010\Lab08_Tasks\roman\Debug\link.command.1.tlog
H:\Fall 2010\Programming I\Labs\Lab 08.Fall2010\Lab08_Tasks\roman\Debug\link.read.1.tlog
H:\Fall 2010\Programming I\Labs\Lab 08.Fall2010\Lab08_Tasks\roman\Debug\link.read.2.tlog
H:\Fall 2010\Programming I\Labs\Lab 08.Fall2010\Lab08_Tasks\roman\Debug\link.write.1.tlog
H:\Fall 2010\Programming I\Labs\Lab 08.Fall2010\Lab08_Tasks\roman\Debug\link-cvtres.read.1.tlog
H:\Fall 2010\Programming I\Labs\Lab 08.Fall2010\Lab08_Tasks\roman\Debug\link-cvtres.write.1.tlog
H:\Fall 2010\Programming I\Labs\Lab 08.Fall2010\Lab08_Tasks\roman\Debug\mt.command.1.tlog
H:\Fall 2010\Programming I\Labs\Lab 08.Fall2010\Lab08_Tasks\roman\Debug\mt.read.1.tlog
H:\Fall 2010\Programming I\Labs\Lab 08.Fall2010\Lab08_Tasks\roman\Debug\mt.write.1.tlog
H:\Fall 2010\Programming I\Labs\Lab 08.Fall2010\Lab08_Tasks\roman\Debug\rc.command.1.tlog
H:\Fall 2010\Programming I\Labs\Lab 08.Fall2010\Lab08_Tasks\roman\Debug\rc.read.1.tlog
H:\Fall 2010\Programming I\Labs\Lab 08.Fall2010\Lab08_Tasks\roman\Debug\rc.write.1.tlog
H:\FALL 2010\PROGRAMMING I\LABS\LAB 08.FALL2010\LAB08_TASKS\ROMAN\DEBUG\ROMAN.EXE
H:\FALL 2010\PROGRAMMING I\LABS\LAB 08.FALL2010\LAB08_TASKS\ROMAN\DEBUG\ROMAN.EXE.EMBED.MANIFEST
H:\FALL 2010\PROGRAMMING I\LABS\LAB 08.FALL2010\LAB08_TASKS\ROMAN\DEBUG\ROMAN.EXE.EMBED.MANIFEST.RES
H:\FALL 2010\PROGRAMMING I\LABS\LAB 08.FALL2010\LAB08_TASKS\ROMAN\DEBUG\ROMAN.EXE.INTERMEDIATE.MANIFEST
H:\FALL 2010\PROGRAMMING I\LABS\LAB 08.FALL2010\LAB08_TASKS\ROMAN\DEBUG\ROMAN.ILK
H:\FALL 2010\PROGRAMMING I\LABS\LAB 08.FALL2010\LAB08_TASKS\ROMAN\DEBUG\ROMAN.OBJ
H:\FALL 2010\PROGRAMMING I\LABS\LAB 08.FALL2010\LAB08_TASKS\ROMAN\DEBUG\ROMAN.PDB
H:\Fall 2010\Programming I\Labs\Lab 08.Fall2010\Lab08_Tasks\roman\Debug\roman_manifest.rc
H:\Fall 2010\Programming I\Labs\Lab 08.Fall2010\Lab08_Tasks\roman\Debug\vc100.idb
H:\FALL 2010\PROGRAMMING I\LABS\LAB 08.FALL2010\LAB08_TASKS\ROMAN\DEBUG\VC100.PDB
