C:\Users\andy.harbert\Documents\Local Courses\Prog 1\Lab10_Tasks\bullseye\Debug\bullseye.vcxprojResolveAssemblyReference.cache
C:\USERS\ANDY.HARBERT\DOCUMENTS\LOCAL COURSES\PROG 1\LAB10_TASKS\BULLSEYE\DEBUG\CIRCLES.EXE.EMBED.MANIFEST
C:\USERS\ANDY.HARBERT\DOCUMENTS\LOCAL COURSES\PROG 1\LAB10_TASKS\BULLSEYE\DEBUG\CIRCLES.EXE.EMBED.MANIFEST.RES
C:\USERS\ANDY.HARBERT\DOCUMENTS\LOCAL COURSES\PROG 1\LAB10_TASKS\BULLSEYE\DEBUG\CIRCLES.EXE.INTERMEDIATE.MANIFEST
C:\USERS\ANDY.HARBERT\DOCUMENTS\LOCAL COURSES\PROG 1\LAB10_TASKS\BULLSEYE\DEBUG\CIRCLES.OBJ
C:\Users\andy.harbert\Documents\Local Courses\Prog 1\Lab10_Tasks\bullseye\Debug\circles.write.1.tlog
C:\Users\andy.harbert\Documents\Local Courses\Prog 1\Lab10_Tasks\bullseye\Debug\circles_manifest.rc
C:\Users\andy.harbert\Documents\Local Courses\Prog 1\Lab10_Tasks\bullseye\Debug\cl.command.1.tlog
C:\Users\andy.harbert\Documents\Local Courses\Prog 1\Lab10_Tasks\bullseye\Debug\CL.read.1.tlog
C:\Users\andy.harbert\Documents\Local Courses\Prog 1\Lab10_Tasks\bullseye\Debug\CL.read.2.tlog
C:\Users\andy.harbert\Documents\Local Courses\Prog 1\Lab10_Tasks\bullseye\Debug\CL.write.1.tlog
C:\Users\andy.harbert\Documents\Local Courses\Prog 1\Lab10_Tasks\bullseye\Debug\link.8768.read.1.tlog
C:\Users\andy.harbert\Documents\Local Courses\Prog 1\Lab10_Tasks\bullseye\Debug\link.8768.read.2.tlog
C:\Users\andy.harbert\Documents\Local Courses\Prog 1\Lab10_Tasks\bullseye\Debug\link.8768.write.1.tlog
C:\Users\andy.harbert\Documents\Local Courses\Prog 1\Lab10_Tasks\bullseye\Debug\link.8768-cvtres.read.1.tlog
C:\Users\andy.harbert\Documents\Local Courses\Prog 1\Lab10_Tasks\bullseye\Debug\link.8768-cvtres.write.1.tlog
C:\Users\andy.harbert\Documents\Local Courses\Prog 1\Lab10_Tasks\bullseye\Debug\link.command.1.tlog
C:\Users\andy.harbert\Documents\Local Courses\Prog 1\Lab10_Tasks\bullseye\Debug\link.read.1.tlog
C:\Users\andy.harbert\Documents\Local Courses\Prog 1\Lab10_Tasks\bullseye\Debug\link.read.2.tlog
C:\Users\andy.harbert\Documents\Local Courses\Prog 1\Lab10_Tasks\bullseye\Debug\link.write.1.tlog
C:\Users\andy.harbert\Documents\Local Courses\Prog 1\Lab10_Tasks\bullseye\Debug\link-cvtres.read.1.tlog
C:\Users\andy.harbert\Documents\Local Courses\Prog 1\Lab10_Tasks\bullseye\Debug\link-cvtres.write.1.tlog
C:\Users\andy.harbert\Documents\Local Courses\Prog 1\Lab10_Tasks\bullseye\Debug\mt.command.1.tlog
C:\Users\andy.harbert\Documents\Local Courses\Prog 1\Lab10_Tasks\bullseye\Debug\mt.read.1.tlog
C:\Users\andy.harbert\Documents\Local Courses\Prog 1\Lab10_Tasks\bullseye\Debug\mt.write.1.tlog
C:\Users\andy.harbert\Documents\Local Courses\Prog 1\Lab10_Tasks\bullseye\Debug\rc.command.1.tlog
C:\Users\andy.harbert\Documents\Local Courses\Prog 1\Lab10_Tasks\bullseye\Debug\rc.read.1.tlog
C:\Users\andy.harbert\Documents\Local Courses\Prog 1\Lab10_Tasks\bullseye\Debug\rc.write.1.tlog
C:\Users\andy.harbert\Documents\Local Courses\Prog 1\Lab10_Tasks\bullseye\Debug\vc100.idb
C:\USERS\ANDY.HARBERT\DOCUMENTS\LOCAL COURSES\PROG 1\LAB10_TASKS\BULLSEYE\DEBUG\VC100.PDB
C:\USERS\ANDY.HARBERT\DOCUMENTS\LOCAL COURSES\PROG 1\LAB10_TASKS\DEBUG\CIRCLES.EXE
C:\USERS\ANDY.HARBERT\DOCUMENTS\LOCAL COURSES\PROG 1\LAB10_TASKS\DEBUG\CIRCLES.ILK
C:\USERS\ANDY.HARBERT\DOCUMENTS\LOCAL COURSES\PROG 1\LAB10_TASKS\DEBUG\CIRCLES.PDB
