C:\USERS\ANDY.HARBERT\DOCUMENTS\TEMP\LAB 02 FALL09\LAB02_TASKS\ANNUAL PAY\DEBUG\ANNUAL PAY.EXE
C:\USERS\ANDY.HARBERT\DOCUMENTS\TEMP\LAB 02 FALL09\LAB02_TASKS\ANNUAL PAY\DEBUG\ANNUAL PAY.EXE.EMBED.MANIFEST
C:\USERS\ANDY.HARBERT\DOCUMENTS\TEMP\LAB 02 FALL09\LAB02_TASKS\ANNUAL PAY\DEBUG\ANNUAL PAY.EXE.EMBED.MANIFEST.RES
C:\USERS\ANDY.HARBERT\DOCUMENTS\TEMP\LAB 02 FALL09\LAB02_TASKS\ANNUAL PAY\DEBUG\ANNUAL PAY.EXE.INTERMEDIATE.MANIFEST
C:\USERS\ANDY.HARBERT\DOCUMENTS\TEMP\LAB 02 FALL09\LAB02_TASKS\ANNUAL PAY\DEBUG\ANNUAL PAY.ILK
C:\USERS\ANDY.HARBERT\DOCUMENTS\TEMP\LAB 02 FALL09\LAB02_TASKS\ANNUAL PAY\DEBUG\ANNUAL PAY.OBJ
C:\USERS\ANDY.HARBERT\DOCUMENTS\TEMP\LAB 02 FALL09\LAB02_TASKS\ANNUAL PAY\DEBUG\ANNUAL PAY.PDB
C:\Users\andy.harbert\Documents\temp\Lab 02 Fall09\Lab02_Tasks\annual pay\Debug\annual pay_manifest.rc
C:\Users\andy.harbert\Documents\temp\Lab 02 Fall09\Lab02_Tasks\annual pay\Debug\cl.command.1.tlog
C:\Users\andy.harbert\Documents\temp\Lab 02 Fall09\Lab02_Tasks\annual pay\Debug\CL.read.1.tlog
C:\Users\andy.harbert\Documents\temp\Lab 02 Fall09\Lab02_Tasks\annual pay\Debug\CL.write.1.tlog
C:\Users\andy.harbert\Documents\temp\Lab 02 Fall09\Lab02_Tasks\annual pay\Debug\link.3860.read.1.tlog
C:\Users\andy.harbert\Documents\temp\Lab 02 Fall09\Lab02_Tasks\annual pay\Debug\link.3860.write.1.tlog
C:\Users\andy.harbert\Documents\temp\Lab 02 Fall09\Lab02_Tasks\annual pay\Debug\link.3860-cvtres.read.1.tlog
C:\Users\andy.harbert\Documents\temp\Lab 02 Fall09\Lab02_Tasks\annual pay\Debug\link.3860-cvtres.write.1.tlog
C:\Users\andy.harbert\Documents\temp\Lab 02 Fall09\Lab02_Tasks\annual pay\Debug\link.command.1.tlog
C:\Users\andy.harbert\Documents\temp\Lab 02 Fall09\Lab02_Tasks\annual pay\Debug\link.read.1.tlog
C:\Users\andy.harbert\Documents\temp\Lab 02 Fall09\Lab02_Tasks\annual pay\Debug\link.write.1.tlog
C:\Users\andy.harbert\Documents\temp\Lab 02 Fall09\Lab02_Tasks\annual pay\Debug\link-cvtres.read.1.tlog
C:\Users\andy.harbert\Documents\temp\Lab 02 Fall09\Lab02_Tasks\annual pay\Debug\link-cvtres.write.1.tlog
C:\Users\andy.harbert\Documents\temp\Lab 02 Fall09\Lab02_Tasks\annual pay\Debug\mt.command.1.tlog
C:\Users\andy.harbert\Documents\temp\Lab 02 Fall09\Lab02_Tasks\annual pay\Debug\mt.read.1.tlog
C:\Users\andy.harbert\Documents\temp\Lab 02 Fall09\Lab02_Tasks\annual pay\Debug\mt.write.1.tlog
C:\Users\andy.harbert\Documents\temp\Lab 02 Fall09\Lab02_Tasks\annual pay\Debug\rc.command.1.tlog
C:\Users\andy.harbert\Documents\temp\Lab 02 Fall09\Lab02_Tasks\annual pay\Debug\rc.read.1.tlog
C:\Users\andy.harbert\Documents\temp\Lab 02 Fall09\Lab02_Tasks\annual pay\Debug\rc.write.1.tlog
C:\Users\andy.harbert\Documents\temp\Lab 02 Fall09\Lab02_Tasks\annual pay\Debug\vc100.idb
C:\USERS\ANDY.HARBERT\DOCUMENTS\TEMP\LAB 02 FALL09\LAB02_TASKS\ANNUAL PAY\DEBUG\VC100.PDB
Debug\annual pay.ilk
Debug\annual pay.pdb
