Build started 9/16/2010 3:45:33 PM.
     1>Project "C:\Users\john.snoap\Downloads\Programming\Labs\Lab02_Tasks\annual pay\annual pay.vcxproj" on node 2 (build target(s)).
     1>InitializeBuildStatus:
         Creating "Debug\annual pay.unsuccessfulbuild" because "AlwaysCreate" was specified.
       ClCompile:
         C:\Program Files\Microsoft Visual Studio 10.0\VC\bin\CL.exe /c /ZI /nologo /W3 /WX- /Od /Oy- /D WIN32 /D _DEBUG /D _CONSOLE /D _VC80_UPGRADE=0x0710 /D _MBCS /Gm /EHsc /RTC1 /MTd /GS /fp:precise /Zc:wchar_t /Zc:forScope /Fo"Debug\\" /Fd"Debug\vc100.pdb" /Gd /TP /analyze- /errorReport:prompt "annual pay.cpp"
         annual pay.cpp
       ManifestResourceCompile:
         C:\Program Files\Microsoft SDKs\Windows\v7.0A\bin\rc.exe /nologo /fo"Debug\annual pay.exe.embed.manifest.res" "Debug\annual pay_manifest.rc" 
       Link:
         C:\Program Files\Microsoft Visual Studio 10.0\VC\bin\link.exe /ERRORREPORT:PROMPT /OUT:"Debug\annual pay.exe" /INCREMENTAL /NOLOGO kernel32.lib user32.lib gdi32.lib winspool.lib comdlg32.lib advapi32.lib shell32.lib ole32.lib oleaut32.lib uuid.lib odbc32.lib odbccp32.lib /MANIFEST /ManifestFile:"Debug\annual pay.exe.intermediate.manifest" /MANIFESTUAC:"level='asInvoker' uiAccess='false'" /DEBUG /PDB:"Debug\annual pay.pdb" /SUBSYSTEM:CONSOLE /TLBID:1 /DYNAMICBASE:NO /IMPLIB:"Debug\annual pay.lib" /MACHINE:X86 "Debug\annual pay.exe.embed.manifest.res"
         "Debug\annual pay.obj"
       Manifest:
         C:\Program Files\Microsoft SDKs\Windows\v7.0A\bin\mt.exe /nologo /verbose /out:"Debug\annual pay.exe.embed.manifest" /manifest "Debug\annual pay.exe.intermediate.manifest"
         C:\Program Files\Microsoft SDKs\Windows\v7.0A\bin\rc.exe /nologo /fo"Debug\annual pay.exe.embed.manifest.res" "Debug\annual pay_manifest.rc" 
       LinkEmbedManifest:
         C:\Program Files\Microsoft Visual Studio 10.0\VC\bin\link.exe /ERRORREPORT:PROMPT /OUT:"Debug\annual pay.exe" /INCREMENTAL /NOLOGO kernel32.lib user32.lib gdi32.lib winspool.lib comdlg32.lib advapi32.lib shell32.lib ole32.lib oleaut32.lib uuid.lib odbc32.lib odbccp32.lib /MANIFEST /ManifestFile:"Debug\annual pay.exe.intermediate.manifest" /MANIFESTUAC:"level='asInvoker' uiAccess='false'" /DEBUG /PDB:"Debug\annual pay.pdb" /SUBSYSTEM:CONSOLE /TLBID:1 /DYNAMICBASE:NO /IMPLIB:"Debug\annual pay.lib" /MACHINE:X86 "Debug\annual pay.exe.embed.manifest.res"
         "Debug\annual pay.obj"
         annual pay.vcxproj -> C:\Users\john.snoap\Downloads\Programming\Labs\Lab02_Tasks\annual pay\Debug\annual pay.exe
       FinalizeBuildStatus:
         Deleting file "Debug\annual pay.unsuccessfulbuild".
         Touching "Debug\annual pay.lastbuildstate".
     1>Done Building Project "C:\Users\john.snoap\Downloads\Programming\Labs\Lab02_Tasks\annual pay\annual pay.vcxproj" (build target(s)).

Build succeeded.

Time Elapsed 00:00:11.29
