Build started 12/19/2013 4:38:03 PM.
     1>Project "C:\Users\john.snoap\Documents\GitHub\Programming\Programming I\Labs\Lab10_Tasks\game\game.vcxproj" on node 2 (build target(s)).
     1>InitializeBuildStatus:
         Touching "Debug\game.unsuccessfulbuild".
       ClCompile:
         c:\Program Files (x86)\Microsoft Visual Studio 10.0\VC\bin\CL.exe /c /ZI /nologo /W3 /WX- /Od /Oy- /D WIN32 /D _DEBUG /D _WINDOWS /D _UNICODE /D UNICODE /Gm /EHsc /RTC1 /MDd /GS /fp:precise /Zc:wchar_t /Zc:forScope /Fo"Debug\\" /Fd"Debug\vc100.pdb" /Gd /TP /analyze- /errorReport:prompt game.cpp
         game.cpp
     1>c:\users\john.snoap\documents\github\programming\programming i\labs\lab10_tasks\game\game.cpp(122): warning C4244: '=' : conversion from 'double' to 'int', possible loss of data
     1>c:\users\john.snoap\documents\github\programming\programming i\labs\lab10_tasks\game\game.cpp(129): warning C4996: 'itoa': The POSIX name for this item is deprecated. Instead, use the ISO C++ conformant name: _itoa. See online help for details.
                 c:\program files (x86)\microsoft visual studio 10.0\vc\include\stdlib.h(867) : see declaration of 'itoa'
     1>c:\users\john.snoap\documents\github\programming\programming i\labs\lab10_tasks\game\game.cpp(130): warning C4996: 'itoa': The POSIX name for this item is deprecated. Instead, use the ISO C++ conformant name: _itoa. See online help for details.
                 c:\program files (x86)\microsoft visual studio 10.0\vc\include\stdlib.h(867) : see declaration of 'itoa'
     1>c:\users\john.snoap\documents\github\programming\programming i\labs\lab10_tasks\game\game.cpp(131): warning C4996: 'itoa': The POSIX name for this item is deprecated. Instead, use the ISO C++ conformant name: _itoa. See online help for details.
                 c:\program files (x86)\microsoft visual studio 10.0\vc\include\stdlib.h(867) : see declaration of 'itoa'
     1>c:\users\john.snoap\documents\github\programming\programming i\labs\lab10_tasks\game\game.cpp(168): warning C4244: 'argument' : conversion from 'double' to 'float', possible loss of data
     1>c:\users\john.snoap\documents\github\programming\programming i\labs\lab10_tasks\game\game.cpp(178): warning C4244: 'argument' : conversion from 'double' to 'float', possible loss of data
     1>c:\users\john.snoap\documents\github\programming\programming i\labs\lab10_tasks\game\game.cpp(196): warning C4244: 'argument' : conversion from 'double' to 'int', possible loss of data
     1>c:\users\john.snoap\documents\github\programming\programming i\labs\lab10_tasks\game\game.cpp(196): warning C4244: 'argument' : conversion from 'double' to 'int', possible loss of data
     1>c:\users\john.snoap\documents\github\programming\programming i\labs\lab10_tasks\game\game.cpp(198): warning C4244: 'argument' : conversion from 'double' to 'float', possible loss of data
     1>c:\users\john.snoap\documents\github\programming\programming i\labs\lab10_tasks\game\game.cpp(206): warning C4244: 'argument' : conversion from 'double' to 'int', possible loss of data
     1>c:\users\john.snoap\documents\github\programming\programming i\labs\lab10_tasks\game\game.cpp(206): warning C4244: 'argument' : conversion from 'double' to 'int', possible loss of data
     1>c:\users\john.snoap\documents\github\programming\programming i\labs\lab10_tasks\game\game.cpp(219): warning C4244: 'argument' : conversion from 'double' to 'float', possible loss of data
       ManifestResourceCompile:
         C:\Program Files (x86)\Microsoft SDKs\Windows\v7.0A\bin\rc.exe /nologo /fo"Debug\game.exe.embed.manifest.res" Debug\game_manifest.rc 
       Link:
         c:\Program Files (x86)\Microsoft Visual Studio 10.0\VC\bin\link.exe /ERRORREPORT:PROMPT /OUT:"C:\Users\john.snoap\Documents\GitHub\Programming\Programming I\Labs\Lab10_Tasks\Debug\game.exe" /INCREMENTAL /NOLOGO kernel32.lib user32.lib gdi32.lib winspool.lib comdlg32.lib advapi32.lib shell32.lib ole32.lib oleaut32.lib uuid.lib odbc32.lib odbccp32.lib /MANIFEST /ManifestFile:"Debug\game.exe.intermediate.manifest" /MANIFESTUAC:"level='asInvoker' uiAccess='false'" /DEBUG /PDB:"C:\Users\john.snoap\Documents\GitHub\Programming\Programming I\Labs\Lab10_Tasks\Debug\game.pdb" /SUBSYSTEM:WINDOWS /TLBID:1 /DYNAMICBASE /NXCOMPAT /IMPLIB:"C:\Users\john.snoap\Documents\GitHub\Programming\Programming I\Labs\Lab10_Tasks\Debug\game.lib" /MACHINE:X86 Debug\game.exe.embed.manifest.res
         Debug\game.obj
     1>LINK : fatal error LNK1104: cannot open file 'strmbasd.lib'
     1>Done Building Project "C:\Users\john.snoap\Documents\GitHub\Programming\Programming I\Labs\Lab10_Tasks\game\game.vcxproj" (build target(s)) -- FAILED.

Build FAILED.

Time Elapsed 00:00:04.81
