Build started 9/16/2010 4:32:28 PM.
     1>Project "C:\Users\john.snoap\Downloads\Programming\Labs\Lab02_Tasks\temperature\temperature.vcxproj" on node 2 (build target(s)).
     1>InitializeBuildStatus:
         Creating "Debug\temperature.unsuccessfulbuild" because "AlwaysCreate" was specified.
       ClCompile:
         C:\Program Files\Microsoft Visual Studio 10.0\VC\bin\CL.exe /c /ZI /nologo /W3 /WX- /Od /Oy- /D WIN32 /D _DEBUG /D _CONSOLE /D _VC80_UPGRADE=0x0710 /D _MBCS /Gm /EHsc /RTC1 /MTd /GS /fp:precise /Zc:wchar_t /Zc:forScope /Fo"Debug\\" /Fd"Debug\vc100.pdb" /Gd /TP /analyze- /errorReport:prompt temperature.cpp
         temperature.cpp
     1>c:\users\john.snoap\downloads\programming\labs\lab02_tasks\temperature\temperature.cpp(16): warning C4244: '=' : conversion from 'double' to 'float', possible loss of data
       ManifestResourceCompile:
         C:\Program Files\Microsoft SDKs\Windows\v7.0A\bin\rc.exe /nologo /fo"Debug\temperature.exe.embed.manifest.res" Debug\temperature_manifest.rc 
       Link:
         C:\Program Files\Microsoft Visual Studio 10.0\VC\bin\link.exe /ERRORREPORT:PROMPT /OUT:"Debug\temperature.exe" /INCREMENTAL /NOLOGO kernel32.lib user32.lib gdi32.lib winspool.lib comdlg32.lib advapi32.lib shell32.lib ole32.lib oleaut32.lib uuid.lib odbc32.lib odbccp32.lib /MANIFEST /ManifestFile:"Debug\temperature.exe.intermediate.manifest" /MANIFESTUAC:"level='asInvoker' uiAccess='false'" /DEBUG /PDB:"Debug\temperature.pdb" /SUBSYSTEM:CONSOLE /TLBID:1 /DYNAMICBASE:NO /IMPLIB:"Debug\temperature.lib" /MACHINE:X86 Debug\temperature.exe.embed.manifest.res
         Debug\temperature.obj
         LINK : Debug\temperature.exe not found or not built by the last incremental link; performing full link
       Manifest:
         C:\Program Files\Microsoft SDKs\Windows\v7.0A\bin\mt.exe /nologo /verbose /out:"Debug\temperature.exe.embed.manifest" /manifest Debug\temperature.exe.intermediate.manifest
         All outputs are up-to-date.
       LinkEmbedManifest:
         All outputs are up-to-date.
         temperature.vcxproj -> C:\Users\john.snoap\Downloads\Programming\Labs\Lab02_Tasks\temperature\Debug\temperature.exe
       FinalizeBuildStatus:
         Deleting file "Debug\temperature.unsuccessfulbuild".
         Touching "Debug\temperature.lastbuildstate".
     1>Done Building Project "C:\Users\john.snoap\Downloads\Programming\Labs\Lab02_Tasks\temperature\temperature.vcxproj" (build target(s)).

Build succeeded.

Time Elapsed 00:00:01.84
