.\Debug\counter loop.pdb
C:\Users\andy.harbert\Documents\temp\Lab05_Tasks\counter loop\.\Debug\counter loop.exe
C:\Users\andy.harbert\Documents\temp\Lab05_Tasks\counter loop\.\Debug\counter loop.exe.intermediate.manifest
C:\Users\andy.harbert\Documents\temp\Lab05_Tasks\counter loop\Debug\cl.command.1.tlog
C:\Users\andy.harbert\Documents\temp\Lab05_Tasks\counter loop\Debug\CL.read.1.tlog
C:\Users\andy.harbert\Documents\temp\Lab05_Tasks\counter loop\Debug\CL.write.1.tlog
C:\USERS\ANDY.HARBERT\DOCUMENTS\TEMP\LAB05_TASKS\COUNTER LOOP\DEBUG\COUNTER LOOP.EXE
C:\USERS\ANDY.HARBERT\DOCUMENTS\TEMP\LAB05_TASKS\COUNTER LOOP\DEBUG\COUNTER LOOP.EXE.INTERMEDIATE.MANIFEST
C:\Users\andy.harbert\Documents\temp\Lab05_Tasks\counter loop\Debug\counter loop.pch
C:\USERS\ANDY.HARBERT\DOCUMENTS\TEMP\LAB05_TASKS\COUNTER LOOP\DEBUG\COUNTER LOOP.PDB
C:\Users\andy.harbert\Documents\temp\Lab05_Tasks\counter loop\Debug\link.command.1.tlog
C:\Users\andy.harbert\Documents\temp\Lab05_Tasks\counter loop\Debug\link.read.1.tlog
C:\Users\andy.harbert\Documents\temp\Lab05_Tasks\counter loop\Debug\link.write.1.tlog
C:\USERS\ANDY.HARBERT\DOCUMENTS\TEMP\LAB05_TASKS\COUNTER LOOP\DEBUG\LOOP.OBJ
C:\Users\andy.harbert\Documents\temp\Lab05_Tasks\counter loop\Debug\mt.command.1.tlog
C:\Users\andy.harbert\Documents\temp\Lab05_Tasks\counter loop\Debug\mt.read.1.tlog
C:\Users\andy.harbert\Documents\temp\Lab05_Tasks\counter loop\Debug\mt.write.1.tlog
C:\Users\andy.harbert\Documents\temp\Lab05_Tasks\counter loop\Debug\vc100.idb
C:\USERS\ANDY.HARBERT\DOCUMENTS\TEMP\LAB05_TASKS\COUNTER LOOP\DEBUG\VC100.PDB
C:\Users\andy.harbert\Documents\temp\Lab05_Tasks\counter loop\Debug\vc60.idb
C:\Users\andy.harbert\Documents\temp\Lab05_Tasks\counter loop\Debug\vc70.idb
C:\Users\andy.harbert\Documents\temp\Lab05_Tasks\counter loop\Debug\vc70.pdb
