C:\Users\andy.harbert\Desktop\Lab11_Tasks\stats\Debug\cl.command.1.tlog
C:\Users\andy.harbert\Desktop\Lab11_Tasks\stats\Debug\CL.read.1.tlog
C:\Users\andy.harbert\Desktop\Lab11_Tasks\stats\Debug\CL.write.1.tlog
C:\Users\andy.harbert\Desktop\Lab11_Tasks\stats\Debug\link.4800.read.1.tlog
C:\Users\andy.harbert\Desktop\Lab11_Tasks\stats\Debug\link.4800.write.1.tlog
C:\Users\andy.harbert\Desktop\Lab11_Tasks\stats\Debug\link.4800-cvtres.read.1.tlog
C:\Users\andy.harbert\Desktop\Lab11_Tasks\stats\Debug\link.4800-cvtres.write.1.tlog
C:\Users\andy.harbert\Desktop\Lab11_Tasks\stats\Debug\link.command.1.tlog
C:\Users\andy.harbert\Desktop\Lab11_Tasks\stats\Debug\link.read.1.tlog
C:\Users\andy.harbert\Desktop\Lab11_Tasks\stats\Debug\link.write.1.tlog
C:\Users\andy.harbert\Desktop\Lab11_Tasks\stats\Debug\link-cvtres.read.1.tlog
C:\Users\andy.harbert\Desktop\Lab11_Tasks\stats\Debug\link-cvtres.write.1.tlog
C:\Users\andy.harbert\Desktop\Lab11_Tasks\stats\Debug\mt.command.1.tlog
C:\Users\andy.harbert\Desktop\Lab11_Tasks\stats\Debug\mt.read.1.tlog
C:\Users\andy.harbert\Desktop\Lab11_Tasks\stats\Debug\mt.write.1.tlog
C:\Users\andy.harbert\Desktop\Lab11_Tasks\stats\Debug\rc.command.1.tlog
C:\Users\andy.harbert\Desktop\Lab11_Tasks\stats\Debug\rc.read.1.tlog
C:\Users\andy.harbert\Desktop\Lab11_Tasks\stats\Debug\rc.write.1.tlog
C:\USERS\ANDY.HARBERT\DESKTOP\LAB11_TASKS\STATS\DEBUG\STATS.EXE
C:\USERS\ANDY.HARBERT\DESKTOP\LAB11_TASKS\STATS\DEBUG\STATS.EXE.EMBED.MANIFEST
C:\USERS\ANDY.HARBERT\DESKTOP\LAB11_TASKS\STATS\DEBUG\STATS.EXE.EMBED.MANIFEST.RES
C:\USERS\ANDY.HARBERT\DESKTOP\LAB11_TASKS\STATS\DEBUG\STATS.EXE.INTERMEDIATE.MANIFEST
C:\USERS\ANDY.HARBERT\DESKTOP\LAB11_TASKS\STATS\DEBUG\STATS.ILK
C:\USERS\ANDY.HARBERT\DESKTOP\LAB11_TASKS\STATS\DEBUG\STATS.OBJ
C:\USERS\ANDY.HARBERT\DESKTOP\LAB11_TASKS\STATS\DEBUG\STATS.PDB
C:\Users\andy.harbert\Desktop\Lab11_Tasks\stats\Debug\stats_manifest.rc
C:\Users\andy.harbert\Desktop\Lab11_Tasks\stats\Debug\vc100.idb
C:\USERS\ANDY.HARBERT\DESKTOP\LAB11_TASKS\STATS\DEBUG\VC100.PDB
C:\Users\andy.harbert\Desktop\Lab11_Tasks\stats\Debug\vc70.idb
C:\Users\andy.harbert\Desktop\Lab11_Tasks\stats\Debug\vc70.pdb
Debug\stats.ilk
Debug\stats.pdb
