Build started 12/9/2010 3:43:24 PM.
     1>Project "C:\Users\john.snoap\Documents\Classes\Programming I\Visual Studio 2010\Labs\Lab11_Tasks\stats\stats.vcxproj" on node 2 (build target(s)).
     1>InitializeBuildStatus:
         Creating "Debug\stats.unsuccessfulbuild" because "AlwaysCreate" was specified.
       ClCompile:
         C:\Program Files\Microsoft Visual Studio 10.0\VC\bin\CL.exe /c /ZI /nologo /W3 /WX- /Od /Oy- /D WIN32 /D _DEBUG /D _CONSOLE /D _VC80_UPGRADE=0x0710 /D _MBCS /Gm /EHsc /RTC1 /MTd /GS /fp:precise /Zc:wchar_t /Zc:forScope /Fo"Debug\\" /Fd"Debug\vc100.pdb" /Gd /TP /analyze- /errorReport:prompt stats.cpp
         stats.cpp
       ManifestResourceCompile:
         C:\Program Files\Microsoft SDKs\Windows\v7.0A\bin\rc.exe /nologo /fo"Debug\stats.exe.embed.manifest.res" Debug\stats_manifest.rc 
       Link:
         C:\Program Files\Microsoft Visual Studio 10.0\VC\bin\link.exe /ERRORREPORT:PROMPT /OUT:"Debug\stats.exe" /INCREMENTAL /NOLOGO kernel32.lib user32.lib gdi32.lib winspool.lib comdlg32.lib advapi32.lib shell32.lib ole32.lib oleaut32.lib uuid.lib odbc32.lib odbccp32.lib /MANIFEST /ManifestFile:"Debug\stats.exe.intermediate.manifest" /MANIFESTUAC:"level='asInvoker' uiAccess='false'" /DEBUG /PDB:"Debug\stats.pdb" /SUBSYSTEM:CONSOLE /TLBID:1 /DYNAMICBASE:NO /IMPLIB:"Debug\stats.lib" /MACHINE:X86 Debug\stats.exe.embed.manifest.res
         Debug\stats.obj
       Manifest:
         C:\Program Files\Microsoft SDKs\Windows\v7.0A\bin\mt.exe /nologo /verbose /out:"Debug\stats.exe.embed.manifest" /manifest Debug\stats.exe.intermediate.manifest
         C:\Program Files\Microsoft SDKs\Windows\v7.0A\bin\rc.exe /nologo /fo"Debug\stats.exe.embed.manifest.res" Debug\stats_manifest.rc 
       LinkEmbedManifest:
         C:\Program Files\Microsoft Visual Studio 10.0\VC\bin\link.exe /ERRORREPORT:PROMPT /OUT:"Debug\stats.exe" /INCREMENTAL /NOLOGO kernel32.lib user32.lib gdi32.lib winspool.lib comdlg32.lib advapi32.lib shell32.lib ole32.lib oleaut32.lib uuid.lib odbc32.lib odbccp32.lib /MANIFEST /ManifestFile:"Debug\stats.exe.intermediate.manifest" /MANIFESTUAC:"level='asInvoker' uiAccess='false'" /DEBUG /PDB:"Debug\stats.pdb" /SUBSYSTEM:CONSOLE /TLBID:1 /DYNAMICBASE:NO /IMPLIB:"Debug\stats.lib" /MACHINE:X86 Debug\stats.exe.embed.manifest.res
         Debug\stats.obj
         stats.vcxproj -> C:\Users\john.snoap\Documents\Classes\Programming I\Visual Studio 2010\Labs\Lab11_Tasks\stats\Debug\stats.exe
       FinalizeBuildStatus:
         Deleting file "Debug\stats.unsuccessfulbuild".
         Touching "Debug\stats.lastbuildstate".
     1>Done Building Project "C:\Users\john.snoap\Documents\Classes\Programming I\Visual Studio 2010\Labs\Lab11_Tasks\stats\stats.vcxproj" (build target(s)).

Build succeeded.

Time Elapsed 00:00:10.67
