C:\Users\andy.harbert\Desktop\Lab11_Tasks\dynamic\Debug\cl.command.1.tlog
C:\Users\andy.harbert\Desktop\Lab11_Tasks\dynamic\Debug\CL.read.1.tlog
C:\Users\andy.harbert\Desktop\Lab11_Tasks\dynamic\Debug\CL.write.1.tlog
C:\USERS\ANDY.HARBERT\DESKTOP\LAB11_TASKS\DYNAMIC\DEBUG\DYNAMIC.EXE
C:\USERS\ANDY.HARBERT\DESKTOP\LAB11_TASKS\DYNAMIC\DEBUG\DYNAMIC.EXE.EMBED.MANIFEST
C:\USERS\ANDY.HARBERT\DESKTOP\LAB11_TASKS\DYNAMIC\DEBUG\DYNAMIC.EXE.EMBED.MANIFEST.RES
C:\USERS\ANDY.HARBERT\DESKTOP\LAB11_TASKS\DYNAMIC\DEBUG\DYNAMIC.EXE.INTERMEDIATE.MANIFEST
C:\USERS\ANDY.HARBERT\DESKTOP\LAB11_TASKS\DYNAMIC\DEBUG\DYNAMIC.ILK
C:\USERS\ANDY.HARBERT\DESKTOP\LAB11_TASKS\DYNAMIC\DEBUG\DYNAMIC.OBJ
C:\USERS\ANDY.HARBERT\DESKTOP\LAB11_TASKS\DYNAMIC\DEBUG\DYNAMIC.PDB
C:\Users\andy.harbert\Desktop\Lab11_Tasks\dynamic\Debug\dynamic_manifest.rc
C:\Users\andy.harbert\Desktop\Lab11_Tasks\dynamic\Debug\link.command.1.tlog
C:\Users\andy.harbert\Desktop\Lab11_Tasks\dynamic\Debug\link.read.1.tlog
C:\Users\andy.harbert\Desktop\Lab11_Tasks\dynamic\Debug\link.write.1.tlog
C:\Users\andy.harbert\Desktop\Lab11_Tasks\dynamic\Debug\link-cvtres.read.1.tlog
C:\Users\andy.harbert\Desktop\Lab11_Tasks\dynamic\Debug\link-cvtres.write.1.tlog
C:\Users\andy.harbert\Desktop\Lab11_Tasks\dynamic\Debug\mt.command.1.tlog
C:\Users\andy.harbert\Desktop\Lab11_Tasks\dynamic\Debug\mt.read.1.tlog
C:\Users\andy.harbert\Desktop\Lab11_Tasks\dynamic\Debug\mt.write.1.tlog
C:\Users\andy.harbert\Desktop\Lab11_Tasks\dynamic\Debug\rc.command.1.tlog
C:\Users\andy.harbert\Desktop\Lab11_Tasks\dynamic\Debug\rc.read.1.tlog
C:\Users\andy.harbert\Desktop\Lab11_Tasks\dynamic\Debug\rc.write.1.tlog
C:\Users\andy.harbert\Desktop\Lab11_Tasks\dynamic\Debug\vc100.idb
C:\USERS\ANDY.HARBERT\DESKTOP\LAB11_TASKS\DYNAMIC\DEBUG\VC100.PDB
Debug\dynamic.ilk
Debug\dynamic.pdb
