C:\USERS\ANDY.HARBERT\DOCUMENTS\TEMP\LAB07_TASKS\CANNON\DEBUG\APP.RES
C:\USERS\ANDY.HARBERT\DOCUMENTS\TEMP\LAB07_TASKS\CANNON\DEBUG\ASSEMBLYINFO.OBJ
C:\USERS\ANDY.HARBERT\DOCUMENTS\TEMP\LAB07_TASKS\CANNON\DEBUG\CANNON.EXE.INTERMEDIATE.MANIFEST
C:\USERS\ANDY.HARBERT\DOCUMENTS\TEMP\LAB07_TASKS\CANNON\DEBUG\CANNON.FORM1.RESOURCES
C:\USERS\ANDY.HARBERT\DOCUMENTS\TEMP\LAB07_TASKS\CANNON\DEBUG\CANNON.OBJ
C:\USERS\ANDY.HARBERT\DOCUMENTS\TEMP\LAB07_TASKS\CANNON\DEBUG\CANNON.PCH
C:\Users\andy.harbert\Documents\temp\Lab07_Tasks\cannon\Debug\cannon.write.1.tlog
C:\Users\andy.harbert\Documents\temp\Lab07_Tasks\cannon\Debug\cl.command.1.tlog
C:\Users\andy.harbert\Documents\temp\Lab07_Tasks\cannon\Debug\CL.read.1.tlog
C:\Users\andy.harbert\Documents\temp\Lab07_Tasks\cannon\Debug\CL.write.1.tlog
C:\USERS\ANDY.HARBERT\DOCUMENTS\TEMP\LAB07_TASKS\CANNON\DEBUG\FORM1.OBJ
C:\Users\andy.harbert\Documents\temp\Lab07_Tasks\cannon\Debug\GenerateResource.read.1.tlog
C:\Users\andy.harbert\Documents\temp\Lab07_Tasks\cannon\Debug\GenerateResource.write.1.tlog
C:\Users\andy.harbert\Documents\temp\Lab07_Tasks\cannon\Debug\link.2732.read.1.tlog
C:\Users\andy.harbert\Documents\temp\Lab07_Tasks\cannon\Debug\link.2732.write.1.tlog
C:\Users\andy.harbert\Documents\temp\Lab07_Tasks\cannon\Debug\link.2732-cvtres.read.1.tlog
C:\Users\andy.harbert\Documents\temp\Lab07_Tasks\cannon\Debug\link.2732-cvtres.write.1.tlog
C:\Users\andy.harbert\Documents\temp\Lab07_Tasks\cannon\Debug\link.command.1.tlog
C:\Users\andy.harbert\Documents\temp\Lab07_Tasks\cannon\Debug\link.read.1.tlog
C:\Users\andy.harbert\Documents\temp\Lab07_Tasks\cannon\Debug\link.write.1.tlog
C:\Users\andy.harbert\Documents\temp\Lab07_Tasks\cannon\Debug\mt.command.1.tlog
C:\Users\andy.harbert\Documents\temp\Lab07_Tasks\cannon\Debug\mt.read.1.tlog
C:\Users\andy.harbert\Documents\temp\Lab07_Tasks\cannon\Debug\mt.write.1.tlog
C:\Users\andy.harbert\Documents\temp\Lab07_Tasks\cannon\Debug\rc.command.1.tlog
C:\Users\andy.harbert\Documents\temp\Lab07_Tasks\cannon\Debug\rc.read.1.tlog
C:\Users\andy.harbert\Documents\temp\Lab07_Tasks\cannon\Debug\rc.write.1.tlog
C:\USERS\ANDY.HARBERT\DOCUMENTS\TEMP\LAB07_TASKS\CANNON\DEBUG\STDAFX.OBJ
C:\USERS\ANDY.HARBERT\DOCUMENTS\TEMP\LAB07_TASKS\CANNON\DEBUG\VC100.PDB
C:\Users\andy.harbert\Documents\temp\Lab07_Tasks\cannon\Debug\vc70.idb
C:\Users\andy.harbert\Documents\temp\Lab07_Tasks\cannon\Debug\vc70.pdb
C:\Users\andy.harbert\Documents\temp\Lab07_Tasks\cannon\Debug\vc90.idb
C:\Users\andy.harbert\Documents\temp\Lab07_Tasks\cannon\Debug\vc90.pdb
C:\USERS\ANDY.HARBERT\DOCUMENTS\TEMP\LAB07_TASKS\DEBUG\CANNON.EXE
C:\USERS\ANDY.HARBERT\DOCUMENTS\TEMP\LAB07_TASKS\DEBUG\CANNON.ILK
C:\USERS\ANDY.HARBERT\DOCUMENTS\TEMP\LAB07_TASKS\DEBUG\CANNON.PDB
