C:\Users\john.snoap\Documents\GitHub\Programming\Programming I\Projects\The Defense Of Gondor\game\Release\cl.command.1.tlog
C:\Users\john.snoap\Documents\GitHub\Programming\Programming I\Projects\The Defense Of Gondor\game\Release\CL.read.1.tlog
C:\Users\john.snoap\Documents\GitHub\Programming\Programming I\Projects\The Defense Of Gondor\game\Release\CL.write.1.tlog
C:\USERS\JOHN.SNOAP\DOCUMENTS\GITHUB\PROGRAMMING\PROGRAMMING I\PROJECTS\THE DEFENSE OF GONDOR\GAME\RELEASE\DEFENSE OF GONDOR.OBJ
C:\USERS\JOHN.SNOAP\DOCUMENTS\GITHUB\PROGRAMMING\PROGRAMMING I\PROJECTS\THE DEFENSE OF GONDOR\GAME\RELEASE\GAME.RES
C:\Users\john.snoap\Documents\GitHub\Programming\Programming I\Projects\The Defense Of Gondor\game\Release\link.command.1.tlog
C:\Users\john.snoap\Documents\GitHub\Programming\Programming I\Projects\The Defense Of Gondor\game\Release\link.read.1.tlog
C:\Users\john.snoap\Documents\GitHub\Programming\Programming I\Projects\The Defense Of Gondor\game\Release\link.write.1.tlog
C:\Users\john.snoap\Documents\GitHub\Programming\Programming I\Projects\The Defense Of Gondor\game\Release\link-cvtres.read.1.tlog
C:\Users\john.snoap\Documents\GitHub\Programming\Programming I\Projects\The Defense Of Gondor\game\Release\link-cvtres.write.1.tlog
C:\Users\john.snoap\Documents\GitHub\Programming\Programming I\Projects\The Defense Of Gondor\game\Release\mt.command.1.tlog
C:\Users\john.snoap\Documents\GitHub\Programming\Programming I\Projects\The Defense Of Gondor\game\Release\mt.read.1.tlog
C:\Users\john.snoap\Documents\GitHub\Programming\Programming I\Projects\The Defense Of Gondor\game\Release\mt.write.1.tlog
C:\Users\john.snoap\Documents\GitHub\Programming\Programming I\Projects\The Defense Of Gondor\game\Release\rc.command.1.tlog
C:\Users\john.snoap\Documents\GitHub\Programming\Programming I\Projects\The Defense Of Gondor\game\Release\rc.read.1.tlog
C:\Users\john.snoap\Documents\GitHub\Programming\Programming I\Projects\The Defense Of Gondor\game\Release\rc.write.1.tlog
C:\USERS\JOHN.SNOAP\DOCUMENTS\GITHUB\PROGRAMMING\PROGRAMMING I\PROJECTS\THE DEFENSE OF GONDOR\GAME\RELEASE\THE DEFENSE OF GONDOR.EXE.INTERMEDIATE.MANIFEST
C:\Users\john.snoap\Documents\GitHub\Programming\Programming I\Projects\The Defense Of Gondor\game\Release\The Defense Of Gondor.write.1.tlog
C:\USERS\JOHN.SNOAP\DOCUMENTS\GITHUB\PROGRAMMING\PROGRAMMING I\PROJECTS\THE DEFENSE OF GONDOR\GAME\RELEASE\VC100.PDB
C:\USERS\JOHN.SNOAP\DOCUMENTS\GITHUB\PROGRAMMING\PROGRAMMING I\PROJECTS\THE DEFENSE OF GONDOR\RELEASE\THE DEFENSE OF GONDOR.EXE
C:\USERS\JOHN.SNOAP\DOCUMENTS\GITHUB\PROGRAMMING\PROGRAMMING I\PROJECTS\THE DEFENSE OF GONDOR\RELEASE\THE DEFENSE OF GONDOR.PDB
