Build started 12/18/2013 1:17:35 AM.
     1>Project "C:\Users\john.snoap\Documents\GitHub\Programming\Programming I\Projects\Assignment 5\Assignment 5\Assignment 5.vcxproj" on node 2 (rebuild target(s)).
     1>InitializeBuildStatus:
         Creating "Debug\Assignment 5.unsuccessfulbuild" because "AlwaysCreate" was specified.
       ClCompile:
         c:\Program Files (x86)\Microsoft Visual Studio 10.0\VC\bin\CL.exe /c /ZI /nologo /W3 /WX- /Od /Oy- /D WIN32 /D _DEBUG /D _CONSOLE /D _UNICODE /D UNICODE /Gm /EHsc /RTC1 /MDd /GS /fp:precise /Zc:wchar_t /Zc:forScope /Fo"Debug\\" /Fd"Debug\vc100.pdb" /Gd /TP /analyze- /errorReport:prompt "Assignment 5.cpp"
         Assignment 5.cpp
     1>c:\users\john.snoap\documents\github\programming\programming i\projects\assignment 5\assignment 5\assignment 5.cpp(226): warning C4101: 'sendEmail' : unreferenced local variable
     1>c:\users\john.snoap\documents\github\programming\programming i\projects\assignment 5\assignment 5\assignment 5.cpp(408): warning C4996: 'strcpy': This function or variable may be unsafe. Consider using strcpy_s instead. To disable deprecation, use _CRT_SECURE_NO_WARNINGS. See online help for details.
                 c:\program files (x86)\microsoft visual studio 10.0\vc\include\string.h(105) : see declaration of 'strcpy'
     1>c:\users\john.snoap\documents\github\programming\programming i\projects\assignment 5\assignment 5\assignment 5.cpp(409): warning C4996: 'strcpy': This function or variable may be unsafe. Consider using strcpy_s instead. To disable deprecation, use _CRT_SECURE_NO_WARNINGS. See online help for details.
                 c:\program files (x86)\microsoft visual studio 10.0\vc\include\string.h(105) : see declaration of 'strcpy'
     1>c:\users\john.snoap\documents\github\programming\programming i\projects\assignment 5\assignment 5\assignment 5.cpp(410): warning C4996: 'strcpy': This function or variable may be unsafe. Consider using strcpy_s instead. To disable deprecation, use _CRT_SECURE_NO_WARNINGS. See online help for details.
                 c:\program files (x86)\microsoft visual studio 10.0\vc\include\string.h(105) : see declaration of 'strcpy'
     1>c:\users\john.snoap\documents\github\programming\programming i\projects\assignment 5\assignment 5\assignment 5.cpp(411): warning C4996: 'strcpy': This function or variable may be unsafe. Consider using strcpy_s instead. To disable deprecation, use _CRT_SECURE_NO_WARNINGS. See online help for details.
                 c:\program files (x86)\microsoft visual studio 10.0\vc\include\string.h(105) : see declaration of 'strcpy'
     1>c:\users\john.snoap\documents\github\programming\programming i\projects\assignment 5\assignment 5\assignment 5.cpp(435): warning C4996: 'strcat': This function or variable may be unsafe. Consider using strcat_s instead. To disable deprecation, use _CRT_SECURE_NO_WARNINGS. See online help for details.
                 c:\program files (x86)\microsoft visual studio 10.0\vc\include\string.h(110) : see declaration of 'strcat'
     1>c:\users\john.snoap\documents\github\programming\programming i\projects\assignment 5\assignment 5\assignment 5.cpp(507): warning C4996: 'strcpy': This function or variable may be unsafe. Consider using strcpy_s instead. To disable deprecation, use _CRT_SECURE_NO_WARNINGS. See online help for details.
                 c:\program files (x86)\microsoft visual studio 10.0\vc\include\string.h(105) : see declaration of 'strcpy'
     1>c:\users\john.snoap\documents\github\programming\programming i\projects\assignment 5\assignment 5\assignment 5.cpp(508): warning C4996: 'strcpy': This function or variable may be unsafe. Consider using strcpy_s instead. To disable deprecation, use _CRT_SECURE_NO_WARNINGS. See online help for details.
                 c:\program files (x86)\microsoft visual studio 10.0\vc\include\string.h(105) : see declaration of 'strcpy'
     1>c:\users\john.snoap\documents\github\programming\programming i\projects\assignment 5\assignment 5\assignment 5.cpp(509): warning C4996: 'strcpy': This function or variable may be unsafe. Consider using strcpy_s instead. To disable deprecation, use _CRT_SECURE_NO_WARNINGS. See online help for details.
                 c:\program files (x86)\microsoft visual studio 10.0\vc\include\string.h(105) : see declaration of 'strcpy'
     1>c:\users\john.snoap\documents\github\programming\programming i\projects\assignment 5\assignment 5\assignment 5.cpp(511): warning C4996: 'strcpy': This function or variable may be unsafe. Consider using strcpy_s instead. To disable deprecation, use _CRT_SECURE_NO_WARNINGS. See online help for details.
                 c:\program files (x86)\microsoft visual studio 10.0\vc\include\string.h(105) : see declaration of 'strcpy'
     1>c:\users\john.snoap\documents\github\programming\programming i\projects\assignment 5\assignment 5\assignment 5.cpp(512): warning C4996: 'strcpy': This function or variable may be unsafe. Consider using strcpy_s instead. To disable deprecation, use _CRT_SECURE_NO_WARNINGS. See online help for details.
                 c:\program files (x86)\microsoft visual studio 10.0\vc\include\string.h(105) : see declaration of 'strcpy'
     1>c:\users\john.snoap\documents\github\programming\programming i\projects\assignment 5\assignment 5\assignment 5.cpp(513): warning C4996: 'strcpy': This function or variable may be unsafe. Consider using strcpy_s instead. To disable deprecation, use _CRT_SECURE_NO_WARNINGS. See online help for details.
                 c:\program files (x86)\microsoft visual studio 10.0\vc\include\string.h(105) : see declaration of 'strcpy'
     1>c:\users\john.snoap\documents\github\programming\programming i\projects\assignment 5\assignment 5\assignment 5.cpp(515): warning C4996: 'strcpy': This function or variable may be unsafe. Consider using strcpy_s instead. To disable deprecation, use _CRT_SECURE_NO_WARNINGS. See online help for details.
                 c:\program files (x86)\microsoft visual studio 10.0\vc\include\string.h(105) : see declaration of 'strcpy'
     1>c:\users\john.snoap\documents\github\programming\programming i\projects\assignment 5\assignment 5\assignment 5.cpp(516): warning C4996: 'strcpy': This function or variable may be unsafe. Consider using strcpy_s instead. To disable deprecation, use _CRT_SECURE_NO_WARNINGS. See online help for details.
                 c:\program files (x86)\microsoft visual studio 10.0\vc\include\string.h(105) : see declaration of 'strcpy'
     1>c:\users\john.snoap\documents\github\programming\programming i\projects\assignment 5\assignment 5\assignment 5.cpp(517): warning C4996: 'strcpy': This function or variable may be unsafe. Consider using strcpy_s instead. To disable deprecation, use _CRT_SECURE_NO_WARNINGS. See online help for details.
                 c:\program files (x86)\microsoft visual studio 10.0\vc\include\string.h(105) : see declaration of 'strcpy'
     1>c:\users\john.snoap\documents\github\programming\programming i\projects\assignment 5\assignment 5\assignment 5.cpp(519): warning C4996: 'strcpy': This function or variable may be unsafe. Consider using strcpy_s instead. To disable deprecation, use _CRT_SECURE_NO_WARNINGS. See online help for details.
                 c:\program files (x86)\microsoft visual studio 10.0\vc\include\string.h(105) : see declaration of 'strcpy'
     1>c:\users\john.snoap\documents\github\programming\programming i\projects\assignment 5\assignment 5\assignment 5.cpp(520): warning C4996: 'strcpy': This function or variable may be unsafe. Consider using strcpy_s instead. To disable deprecation, use _CRT_SECURE_NO_WARNINGS. See online help for details.
                 c:\program files (x86)\microsoft visual studio 10.0\vc\include\string.h(105) : see declaration of 'strcpy'
     1>c:\users\john.snoap\documents\github\programming\programming i\projects\assignment 5\assignment 5\assignment 5.cpp(521): warning C4996: 'strcpy': This function or variable may be unsafe. Consider using strcpy_s instead. To disable deprecation, use _CRT_SECURE_NO_WARNINGS. See online help for details.
                 c:\program files (x86)\microsoft visual studio 10.0\vc\include\string.h(105) : see declaration of 'strcpy'
       ManifestResourceCompile:
         C:\Program Files (x86)\Microsoft SDKs\Windows\v7.0A\bin\rc.exe /nologo /fo"Debug\Assignment 5.exe.embed.manifest.res" "Debug\Assignment 5_manifest.rc" 
       Link:
         c:\Program Files (x86)\Microsoft Visual Studio 10.0\VC\bin\link.exe /ERRORREPORT:PROMPT /OUT:"C:\Users\john.snoap\Documents\GitHub\Programming\Programming I\Projects\Assignment 5\Debug\Assignment 5.exe" /INCREMENTAL /NOLOGO kernel32.lib user32.lib gdi32.lib winspool.lib comdlg32.lib advapi32.lib shell32.lib ole32.lib oleaut32.lib uuid.lib odbc32.lib odbccp32.lib /MANIFEST /ManifestFile:"Debug\Assignment 5.exe.intermediate.manifest" /MANIFESTUAC:"level='asInvoker' uiAccess='false'" /DEBUG /PDB:"C:\Users\john.snoap\Documents\GitHub\Programming\Programming I\Projects\Assignment 5\Debug\Assignment 5.pdb" /SUBSYSTEM:CONSOLE /TLBID:1 /DYNAMICBASE /NXCOMPAT /IMPLIB:"C:\Users\john.snoap\Documents\GitHub\Programming\Programming I\Projects\Assignment 5\Debug\Assignment 5.lib" /MACHINE:X86 "Debug\Assignment 5.exe.embed.manifest.res"
         "Debug\Assignment 5.obj"
       Manifest:
         Deleting file "Debug\Assignment 5.exe.embed.manifest".
         C:\Program Files (x86)\Microsoft SDKs\Windows\v7.0A\bin\mt.exe /nologo /verbose /out:"Debug\Assignment 5.exe.embed.manifest" /manifest "Debug\Assignment 5.exe.intermediate.manifest"
         C:\Program Files (x86)\Microsoft SDKs\Windows\v7.0A\bin\rc.exe /nologo /fo"Debug\Assignment 5.exe.embed.manifest.res" "Debug\Assignment 5_manifest.rc" 
       LinkEmbedManifest:
         c:\Program Files (x86)\Microsoft Visual Studio 10.0\VC\bin\link.exe /ERRORREPORT:PROMPT /OUT:"C:\Users\john.snoap\Documents\GitHub\Programming\Programming I\Projects\Assignment 5\Debug\Assignment 5.exe" /INCREMENTAL /NOLOGO kernel32.lib user32.lib gdi32.lib winspool.lib comdlg32.lib advapi32.lib shell32.lib ole32.lib oleaut32.lib uuid.lib odbc32.lib odbccp32.lib /MANIFEST /ManifestFile:"Debug\Assignment 5.exe.intermediate.manifest" /MANIFESTUAC:"level='asInvoker' uiAccess='false'" /DEBUG /PDB:"C:\Users\john.snoap\Documents\GitHub\Programming\Programming I\Projects\Assignment 5\Debug\Assignment 5.pdb" /SUBSYSTEM:CONSOLE /TLBID:1 /DYNAMICBASE /NXCOMPAT /IMPLIB:"C:\Users\john.snoap\Documents\GitHub\Programming\Programming I\Projects\Assignment 5\Debug\Assignment 5.lib" /MACHINE:X86 "Debug\Assignment 5.exe.embed.manifest.res"
         "Debug\Assignment 5.obj"
         Assignment 5.vcxproj -> C:\Users\john.snoap\Documents\GitHub\Programming\Programming I\Projects\Assignment 5\Debug\Assignment 5.exe
       FinalizeBuildStatus:
         Deleting file "Debug\Assignment 5.unsuccessfulbuild".
         Touching "Debug\Assignment 5.lastbuildstate".
     1>Done Building Project "C:\Users\john.snoap\Documents\GitHub\Programming\Programming I\Projects\Assignment 5\Assignment 5\Assignment 5.vcxproj" (rebuild target(s)).

Build succeeded.

Time Elapsed 00:00:04.11
