C:\USERS\ANDY.HARBERT\DOCUMENTS\TEMP\LAB03_TASKS\BOX OFFICE\DEBUG\BOX OFFICE.EXE
C:\Users\andy.harbert\Documents\temp\Lab03_Tasks\Box Office\Debug\Box Office.exe.embed.manifest
C:\USERS\ANDY.HARBERT\DOCUMENTS\TEMP\LAB03_TASKS\BOX OFFICE\DEBUG\BOX OFFICE.EXE.EMBED.MANIFEST.RES
C:\USERS\ANDY.HARBERT\DOCUMENTS\TEMP\LAB03_TASKS\BOX OFFICE\DEBUG\BOX OFFICE.EXE.INTERMEDIATE.MANIFEST
C:\USERS\ANDY.HARBERT\DOCUMENTS\TEMP\LAB03_TASKS\BOX OFFICE\DEBUG\BOX OFFICE.ILK
C:\USERS\ANDY.HARBERT\DOCUMENTS\TEMP\LAB03_TASKS\BOX OFFICE\DEBUG\BOX OFFICE.PDB
C:\Users\andy.harbert\Documents\temp\Lab03_Tasks\Box Office\Debug\Box Office_manifest.rc
C:\Users\andy.harbert\Documents\temp\Lab03_Tasks\Box Office\Debug\cl.command.1.tlog
C:\Users\andy.harbert\Documents\temp\Lab03_Tasks\Box Office\Debug\CL.read.1.tlog
C:\Users\andy.harbert\Documents\temp\Lab03_Tasks\Box Office\Debug\CL.write.1.tlog
C:\Users\andy.harbert\Documents\temp\Lab03_Tasks\Box Office\Debug\link.command.1.tlog
C:\Users\andy.harbert\Documents\temp\Lab03_Tasks\Box Office\Debug\link.read.1.tlog
C:\Users\andy.harbert\Documents\temp\Lab03_Tasks\Box Office\Debug\link.write.1.tlog
C:\Users\andy.harbert\Documents\temp\Lab03_Tasks\Box Office\Debug\link-cvtres.read.1.tlog
C:\Users\andy.harbert\Documents\temp\Lab03_Tasks\Box Office\Debug\link-cvtres.write.1.tlog
C:\USERS\ANDY.HARBERT\DOCUMENTS\TEMP\LAB03_TASKS\BOX OFFICE\DEBUG\MAIN.OBJ
C:\Users\andy.harbert\Documents\temp\Lab03_Tasks\Box Office\Debug\mt.command.1.tlog
C:\Users\andy.harbert\Documents\temp\Lab03_Tasks\Box Office\Debug\mt.read.1.tlog
C:\Users\andy.harbert\Documents\temp\Lab03_Tasks\Box Office\Debug\mt.write.1.tlog
C:\Users\andy.harbert\Documents\temp\Lab03_Tasks\Box Office\Debug\rc.command.1.tlog
C:\Users\andy.harbert\Documents\temp\Lab03_Tasks\Box Office\Debug\rc.read.1.tlog
C:\Users\andy.harbert\Documents\temp\Lab03_Tasks\Box Office\Debug\rc.write.1.tlog
C:\Users\andy.harbert\Documents\temp\Lab03_Tasks\Box Office\Debug\vc100.idb
C:\USERS\ANDY.HARBERT\DOCUMENTS\TEMP\LAB03_TASKS\BOX OFFICE\DEBUG\VC100.PDB
C:\Users\andy.harbert\Documents\temp\Lab03_Tasks\Box Office\Debug\vc90.idb
C:\Users\andy.harbert\Documents\temp\Lab03_Tasks\Box Office\Debug\vc90.pdb
Debug\Box Office.ilk
Debug\Box Office.pdb
