Build started 10/28/2010 4:17:36 PM.
     1>Project "C:\Users\john.snoap\Documents\Classes\Programming I\Visual Studio 2010\Labs\Lab07_Tasks\radians\radians.vcxproj" on node 2 (build target(s)).
     1>InitializeBuildStatus:
         Creating "Debug\radians.unsuccessfulbuild" because "AlwaysCreate" was specified.
       ClCompile:
         C:\Program Files\Microsoft Visual Studio 10.0\VC\bin\CL.exe /c /ZI /nologo /W3 /WX- /Od /Oy- /D WIN32 /D _DEBUG /D _CONSOLE /D _UNICODE /D UNICODE /Gm /EHsc /RTC1 /MDd /GS /fp:precise /Zc:wchar_t /Zc:forScope /Fo"Debug\\" /Fd"Debug\vc100.pdb" /Gd /TP /analyze- /errorReport:prompt radians.cpp
         radians.cpp
       ManifestResourceCompile:
         All outputs are up-to-date.
       Link:
         C:\Program Files\Microsoft Visual Studio 10.0\VC\bin\link.exe /ERRORREPORT:PROMPT /OUT:"C:\Users\john.snoap\Documents\Classes\Programming I\Visual Studio 2010\Labs\Lab07_Tasks\Debug\radians.exe" /INCREMENTAL /NOLOGO kernel32.lib user32.lib gdi32.lib winspool.lib comdlg32.lib advapi32.lib shell32.lib ole32.lib oleaut32.lib uuid.lib odbc32.lib odbccp32.lib /MANIFEST /ManifestFile:"Debug\radians.exe.intermediate.manifest" /MANIFESTUAC:"level='asInvoker' uiAccess='false'" /DEBUG /PDB:"C:\Users\john.snoap\Documents\Classes\Programming I\Visual Studio 2010\Labs\Lab07_Tasks\Debug\radians.pdb" /SUBSYSTEM:CONSOLE /TLBID:1 /DYNAMICBASE /NXCOMPAT /IMPLIB:"C:\Users\john.snoap\Documents\Classes\Programming I\Visual Studio 2010\Labs\Lab07_Tasks\Debug\radians.lib" /MACHINE:X86 Debug\radians.exe.embed.manifest.res
         Debug\radians.obj
       Manifest:
         C:\Program Files\Microsoft SDKs\Windows\v7.0A\bin\mt.exe /nologo /verbose /out:"Debug\radians.exe.embed.manifest" /manifest Debug\radians.exe.intermediate.manifest
         All outputs are up-to-date.
       LinkEmbedManifest:
         All outputs are up-to-date.
         radians.vcxproj -> C:\Users\john.snoap\Documents\Classes\Programming I\Visual Studio 2010\Labs\Lab07_Tasks\Debug\radians.exe
       FinalizeBuildStatus:
         Deleting file "Debug\radians.unsuccessfulbuild".
         Touching "Debug\radians.lastbuildstate".
     1>Done Building Project "C:\Users\john.snoap\Documents\Classes\Programming I\Visual Studio 2010\Labs\Lab07_Tasks\radians\radians.vcxproj" (build target(s)).

Build succeeded.

Time Elapsed 00:00:01.51
