Build started 10/7/2010 3:25:59 PM.
Project "C:\Users\john.snoap\Documents\Classes\Programming I\Visual Studio 2010\Labs\Lab05_Tasks\factorial\factorial.vcxproj" on node 2 (build target(s)).
InitializeBuildStatus:
  Creating "Debug\factorial.unsuccessfulbuild" because "AlwaysCreate" was specified.
ClCompile:
  C:\Program Files\Microsoft Visual Studio 10.0\VC\bin\CL.exe /c /ZI /nologo /W3 /WX- /Od /Oy- /D WIN32 /D _DEBUG /D _CONSOLE /D _VC80_UPGRADE=0x0710 /D _MBCS /Gm /EHsc /RTC1 /MTd /GS /fp:precise /Zc:wchar_t /Zc:forScope /Fo"Debug\\" /Fd"Debug\vc100.pdb" /Gd /TP /analyze- /errorReport:prompt factorial.cpp
  factorial.cpp
ManifestResourceCompile:
  All outputs are up-to-date.
Link:
  C:\Program Files\Microsoft Visual Studio 10.0\VC\bin\link.exe /ERRORREPORT:PROMPT /OUT:"Debug\factorial.exe" /INCREMENTAL /NOLOGO kernel32.lib user32.lib gdi32.lib winspool.lib comdlg32.lib advapi32.lib shell32.lib ole32.lib oleaut32.lib uuid.lib odbc32.lib odbccp32.lib /MANIFEST /ManifestFile:"Debug\factorial.exe.intermediate.manifest" /MANIFESTUAC:"level='asInvoker' uiAccess='false'" /DEBUG /PDB:"Debug\factorial.pdb" /SUBSYSTEM:CONSOLE /TLBID:1 /DYNAMICBASE:NO /IMPLIB:"Debug\factorial.lib" /MACHINE:X86 Debug\factorial.exe.embed.manifest.res
  Debug\factorial.obj
Manifest:
  C:\Program Files\Microsoft SDKs\Windows\v7.0A\bin\mt.exe /nologo /verbose /out:"Debug\factorial.exe.embed.manifest" /manifest Debug\factorial.exe.intermediate.manifest
  All outputs are up-to-date.
LinkEmbedManifest:
  All outputs are up-to-date.
  factorial.vcxproj -> C:\Users\john.snoap\Documents\Classes\Programming I\Visual Studio 2010\Labs\Lab05_Tasks\factorial\Debug\factorial.exe
FinalizeBuildStatus:
  Deleting file "Debug\factorial.unsuccessfulbuild".
  Touching "Debug\factorial.lastbuildstate".
Done Building Project "C:\Users\john.snoap\Documents\Classes\Programming I\Visual Studio 2010\Labs\Lab05_Tasks\factorial\factorial.vcxproj" (build target(s)).

Build succeeded.

Time Elapsed 00:00:03.54
