C:\USERS\JOHN.SNOAP\DOCUMENTS\GITHUB\PROGRAMMING\PROGRAMMING I\PROJECTS\THE DEFENSE OF GONDOR\DEBUG\GAME.EXE
C:\USERS\JOHN.SNOAP\DOCUMENTS\GITHUB\PROGRAMMING\PROGRAMMING I\PROJECTS\THE DEFENSE OF GONDOR\DEBUG\GAME.ILK
C:\USERS\JOHN.SNOAP\DOCUMENTS\GITHUB\PROGRAMMING\PROGRAMMING I\PROJECTS\THE DEFENSE OF GONDOR\DEBUG\GAME.PDB
C:\USERS\JOHN.SNOAP\DOCUMENTS\GITHUB\PROGRAMMING\PROGRAMMING I\PROJECTS\THE DEFENSE OF GONDOR\DEBUG\THE DEFENSE OF GONDOR.EXE
C:\USERS\JOHN.SNOAP\DOCUMENTS\GITHUB\PROGRAMMING\PROGRAMMING I\PROJECTS\THE DEFENSE OF GONDOR\DEBUG\THE DEFENSE OF GONDOR.ILK
C:\USERS\JOHN.SNOAP\DOCUMENTS\GITHUB\PROGRAMMING\PROGRAMMING I\PROJECTS\THE DEFENSE OF GONDOR\DEBUG\THE DEFENSE OF GONDOR.PDB
C:\Users\john.snoap\Documents\GitHub\Programming\Programming I\Projects\The Defense Of Gondor\game\Debug\cl.command.1.tlog
C:\Users\john.snoap\Documents\GitHub\Programming\Programming I\Projects\The Defense Of Gondor\game\Debug\CL.read.1.tlog
C:\Users\john.snoap\Documents\GitHub\Programming\Programming I\Projects\The Defense Of Gondor\game\Debug\CL.write.1.tlog
C:\USERS\JOHN.SNOAP\DOCUMENTS\GITHUB\PROGRAMMING\PROGRAMMING I\PROJECTS\THE DEFENSE OF GONDOR\GAME\DEBUG\DEFENSE OF GONDOR.OBJ
C:\USERS\JOHN.SNOAP\DOCUMENTS\GITHUB\PROGRAMMING\PROGRAMMING I\PROJECTS\THE DEFENSE OF GONDOR\GAME\DEBUG\GAME.EXE.EMBED.MANIFEST
C:\USERS\JOHN.SNOAP\DOCUMENTS\GITHUB\PROGRAMMING\PROGRAMMING I\PROJECTS\THE DEFENSE OF GONDOR\GAME\DEBUG\GAME.EXE.EMBED.MANIFEST.RES
C:\USERS\JOHN.SNOAP\DOCUMENTS\GITHUB\PROGRAMMING\PROGRAMMING I\PROJECTS\THE DEFENSE OF GONDOR\GAME\DEBUG\GAME.EXE.INTERMEDIATE.MANIFEST
C:\USERS\JOHN.SNOAP\DOCUMENTS\GITHUB\PROGRAMMING\PROGRAMMING I\PROJECTS\THE DEFENSE OF GONDOR\GAME\DEBUG\GAME.OBJ
C:\USERS\JOHN.SNOAP\DOCUMENTS\GITHUB\PROGRAMMING\PROGRAMMING I\PROJECTS\THE DEFENSE OF GONDOR\GAME\DEBUG\GAME.RES
C:\Users\john.snoap\Documents\GitHub\Programming\Programming I\Projects\The Defense Of Gondor\game\Debug\game.vcxprojResolveAssemblyReference.cache
C:\Users\john.snoap\Documents\GitHub\Programming\Programming I\Projects\The Defense Of Gondor\game\Debug\game.write.1.tlog
C:\Users\john.snoap\Documents\GitHub\Programming\Programming I\Projects\The Defense Of Gondor\game\Debug\game_manifest.rc
C:\Users\john.snoap\Documents\GitHub\Programming\Programming I\Projects\The Defense Of Gondor\game\Debug\link.4892.read.1.tlog
C:\Users\john.snoap\Documents\GitHub\Programming\Programming I\Projects\The Defense Of Gondor\game\Debug\link.4892.read.2.tlog
C:\Users\john.snoap\Documents\GitHub\Programming\Programming I\Projects\The Defense Of Gondor\game\Debug\link.4892.write.1.tlog
C:\Users\john.snoap\Documents\GitHub\Programming\Programming I\Projects\The Defense Of Gondor\game\Debug\link.4892-cvtres.read.1.tlog
C:\Users\john.snoap\Documents\GitHub\Programming\Programming I\Projects\The Defense Of Gondor\game\Debug\link.4892-cvtres.write.1.tlog
C:\Users\john.snoap\Documents\GitHub\Programming\Programming I\Projects\The Defense Of Gondor\game\Debug\link.6576.read.1.tlog
C:\Users\john.snoap\Documents\GitHub\Programming\Programming I\Projects\The Defense Of Gondor\game\Debug\link.6576.read.2.tlog
C:\Users\john.snoap\Documents\GitHub\Programming\Programming I\Projects\The Defense Of Gondor\game\Debug\link.6576.write.1.tlog
C:\Users\john.snoap\Documents\GitHub\Programming\Programming I\Projects\The Defense Of Gondor\game\Debug\link.6576-cvtres.read.1.tlog
C:\Users\john.snoap\Documents\GitHub\Programming\Programming I\Projects\The Defense Of Gondor\game\Debug\link.6576-cvtres.write.1.tlog
C:\Users\john.snoap\Documents\GitHub\Programming\Programming I\Projects\The Defense Of Gondor\game\Debug\link.command.1.tlog
C:\Users\john.snoap\Documents\GitHub\Programming\Programming I\Projects\The Defense Of Gondor\game\Debug\link.read.1.tlog
C:\Users\john.snoap\Documents\GitHub\Programming\Programming I\Projects\The Defense Of Gondor\game\Debug\link.read.2.tlog
C:\Users\john.snoap\Documents\GitHub\Programming\Programming I\Projects\The Defense Of Gondor\game\Debug\link.write.1.tlog
C:\Users\john.snoap\Documents\GitHub\Programming\Programming I\Projects\The Defense Of Gondor\game\Debug\link-cvtres.read.1.tlog
C:\Users\john.snoap\Documents\GitHub\Programming\Programming I\Projects\The Defense Of Gondor\game\Debug\link-cvtres.write.1.tlog
C:\Users\john.snoap\Documents\GitHub\Programming\Programming I\Projects\The Defense Of Gondor\game\Debug\mt.command.1.tlog
C:\Users\john.snoap\Documents\GitHub\Programming\Programming I\Projects\The Defense Of Gondor\game\Debug\mt.read.1.tlog
C:\Users\john.snoap\Documents\GitHub\Programming\Programming I\Projects\The Defense Of Gondor\game\Debug\mt.write.1.tlog
C:\Users\john.snoap\Documents\GitHub\Programming\Programming I\Projects\The Defense Of Gondor\game\Debug\rc.command.1.tlog
C:\Users\john.snoap\Documents\GitHub\Programming\Programming I\Projects\The Defense Of Gondor\game\Debug\rc.read.1.tlog
C:\Users\john.snoap\Documents\GitHub\Programming\Programming I\Projects\The Defense Of Gondor\game\Debug\rc.write.1.tlog
C:\USERS\JOHN.SNOAP\DOCUMENTS\GITHUB\PROGRAMMING\PROGRAMMING I\PROJECTS\THE DEFENSE OF GONDOR\GAME\DEBUG\THE DEFENSE OF GONDOR.EXE.EMBED.MANIFEST
C:\USERS\JOHN.SNOAP\DOCUMENTS\GITHUB\PROGRAMMING\PROGRAMMING I\PROJECTS\THE DEFENSE OF GONDOR\GAME\DEBUG\THE DEFENSE OF GONDOR.EXE.EMBED.MANIFEST.RES
C:\USERS\JOHN.SNOAP\DOCUMENTS\GITHUB\PROGRAMMING\PROGRAMMING I\PROJECTS\THE DEFENSE OF GONDOR\GAME\DEBUG\THE DEFENSE OF GONDOR.EXE.INTERMEDIATE.MANIFEST
C:\Users\john.snoap\Documents\GitHub\Programming\Programming I\Projects\The Defense Of Gondor\game\Debug\The Defense Of Gondor.write.1.tlog
C:\Users\john.snoap\Documents\GitHub\Programming\Programming I\Projects\The Defense Of Gondor\game\Debug\The Defense Of Gondor_manifest.rc
C:\Users\john.snoap\Documents\GitHub\Programming\Programming I\Projects\The Defense Of Gondor\game\Debug\vc100.idb
C:\USERS\JOHN.SNOAP\DOCUMENTS\GITHUB\PROGRAMMING\PROGRAMMING I\PROJECTS\THE DEFENSE OF GONDOR\GAME\DEBUG\VC100.PDB
