C:\USERS\ANDY.HARBERT\DOCUMENTS\VISUAL STUDIO 2010\PROJECTS\LAB06_TASKS\DEBUG\GUESSING.EXE
C:\USERS\ANDY.HARBERT\DOCUMENTS\VISUAL STUDIO 2010\PROJECTS\LAB06_TASKS\DEBUG\GUESSING.ILK
C:\USERS\ANDY.HARBERT\DOCUMENTS\VISUAL STUDIO 2010\PROJECTS\LAB06_TASKS\DEBUG\GUESSING.PDB
C:\Users\andy.harbert\Documents\Visual Studio 2010\Projects\Lab06_Tasks\student\Debug\cl.command.1.tlog
C:\Users\andy.harbert\Documents\Visual Studio 2010\Projects\Lab06_Tasks\student\Debug\CL.read.1.tlog
C:\Users\andy.harbert\Documents\Visual Studio 2010\Projects\Lab06_Tasks\student\Debug\CL.write.1.tlog
C:\USERS\ANDY.HARBERT\DOCUMENTS\VISUAL STUDIO 2010\PROJECTS\LAB06_TASKS\STUDENT\DEBUG\GUESSING.EXE.EMBED.MANIFEST
C:\USERS\ANDY.HARBERT\DOCUMENTS\VISUAL STUDIO 2010\PROJECTS\LAB06_TASKS\STUDENT\DEBUG\GUESSING.EXE.EMBED.MANIFEST.RES
C:\USERS\ANDY.HARBERT\DOCUMENTS\VISUAL STUDIO 2010\PROJECTS\LAB06_TASKS\STUDENT\DEBUG\GUESSING.EXE.INTERMEDIATE.MANIFEST
C:\USERS\ANDY.HARBERT\DOCUMENTS\VISUAL STUDIO 2010\PROJECTS\LAB06_TASKS\STUDENT\DEBUG\GUESSING.OBJ
C:\Users\andy.harbert\Documents\Visual Studio 2010\Projects\Lab06_Tasks\student\Debug\guessing_manifest.rc
C:\Users\andy.harbert\Documents\Visual Studio 2010\Projects\Lab06_Tasks\student\Debug\link.4288.read.1.tlog
C:\Users\andy.harbert\Documents\Visual Studio 2010\Projects\Lab06_Tasks\student\Debug\link.4288.write.1.tlog
C:\Users\andy.harbert\Documents\Visual Studio 2010\Projects\Lab06_Tasks\student\Debug\link.4288-cvtres.read.1.tlog
C:\Users\andy.harbert\Documents\Visual Studio 2010\Projects\Lab06_Tasks\student\Debug\link.4288-cvtres.write.1.tlog
C:\Users\andy.harbert\Documents\Visual Studio 2010\Projects\Lab06_Tasks\student\Debug\link.command.1.tlog
C:\Users\andy.harbert\Documents\Visual Studio 2010\Projects\Lab06_Tasks\student\Debug\link.read.1.tlog
C:\Users\andy.harbert\Documents\Visual Studio 2010\Projects\Lab06_Tasks\student\Debug\link.write.1.tlog
C:\Users\andy.harbert\Documents\Visual Studio 2010\Projects\Lab06_Tasks\student\Debug\link-cvtres.read.1.tlog
C:\Users\andy.harbert\Documents\Visual Studio 2010\Projects\Lab06_Tasks\student\Debug\link-cvtres.write.1.tlog
C:\Users\andy.harbert\Documents\Visual Studio 2010\Projects\Lab06_Tasks\student\Debug\mt.command.1.tlog
C:\Users\andy.harbert\Documents\Visual Studio 2010\Projects\Lab06_Tasks\student\Debug\mt.read.1.tlog
C:\Users\andy.harbert\Documents\Visual Studio 2010\Projects\Lab06_Tasks\student\Debug\mt.write.1.tlog
C:\Users\andy.harbert\Documents\Visual Studio 2010\Projects\Lab06_Tasks\student\Debug\rc.command.1.tlog
C:\Users\andy.harbert\Documents\Visual Studio 2010\Projects\Lab06_Tasks\student\Debug\rc.read.1.tlog
C:\Users\andy.harbert\Documents\Visual Studio 2010\Projects\Lab06_Tasks\student\Debug\rc.write.1.tlog
C:\Users\andy.harbert\Documents\Visual Studio 2010\Projects\Lab06_Tasks\student\Debug\vc100.idb
C:\USERS\ANDY.HARBERT\DOCUMENTS\VISUAL STUDIO 2010\PROJECTS\LAB06_TASKS\STUDENT\DEBUG\VC100.PDB
