Build started 10/14/2010 4:00:58 PM.
     1>Project "C:\Users\john.snoap\Documents\Classes\Programming I\Visual Studio 2010\Labs\Lab06_Tasks\student\student.vcxproj" on node 2 (build target(s)).
     1>InitializeBuildStatus:
         Creating "Debug\guessing.unsuccessfulbuild" because "AlwaysCreate" was specified.
       ClCompile:
         C:\Program Files\Microsoft Visual Studio 10.0\VC\bin\CL.exe /c /ZI /nologo /W3 /WX- /Od /Oy- /D WIN32 /D _DEBUG /D _CONSOLE /D _UNICODE /D UNICODE /Gm /EHsc /RTC1 /MDd /GS /fp:precise /Zc:wchar_t /Zc:forScope /Fo"Debug\\" /Fd"Debug\vc100.pdb" /Gd /TP /analyze- /errorReport:prompt guessing.cpp
         guessing.cpp
     1>c:\users\john.snoap\documents\classes\programming i\visual studio 2010\labs\lab06_tasks\student\guessing.cpp(20): warning C4244: 'argument' : conversion from 'time_t' to 'unsigned int', possible loss of data
       ManifestResourceCompile:
         All outputs are up-to-date.
       Link:
         C:\Program Files\Microsoft Visual Studio 10.0\VC\bin\link.exe /ERRORREPORT:PROMPT /OUT:"C:\Users\john.snoap\Documents\Classes\Programming I\Visual Studio 2010\Labs\Lab06_Tasks\Debug\guessing.exe" /INCREMENTAL /NOLOGO kernel32.lib user32.lib gdi32.lib winspool.lib comdlg32.lib advapi32.lib shell32.lib ole32.lib oleaut32.lib uuid.lib odbc32.lib odbccp32.lib /MANIFEST /ManifestFile:"Debug\guessing.exe.intermediate.manifest" /MANIFESTUAC:"level='asInvoker' uiAccess='false'" /DEBUG /PDB:"C:\Users\john.snoap\Documents\Classes\Programming I\Visual Studio 2010\Labs\Lab06_Tasks\Debug\guessing.pdb" /SUBSYSTEM:CONSOLE /TLBID:1 /DYNAMICBASE /NXCOMPAT /IMPLIB:"C:\Users\john.snoap\Documents\Classes\Programming I\Visual Studio 2010\Labs\Lab06_Tasks\Debug\guessing.lib" /MACHINE:X86 Debug\guessing.exe.embed.manifest.res
         Debug\guessing.obj
       Manifest:
         C:\Program Files\Microsoft SDKs\Windows\v7.0A\bin\mt.exe /nologo /verbose /out:"Debug\guessing.exe.embed.manifest" /manifest Debug\guessing.exe.intermediate.manifest
         All outputs are up-to-date.
       LinkEmbedManifest:
         All outputs are up-to-date.
         student.vcxproj -> C:\Users\john.snoap\Documents\Classes\Programming I\Visual Studio 2010\Labs\Lab06_Tasks\Debug\guessing.exe
       FinalizeBuildStatus:
         Deleting file "Debug\guessing.unsuccessfulbuild".
         Touching "Debug\guessing.lastbuildstate".
     1>Done Building Project "C:\Users\john.snoap\Documents\Classes\Programming I\Visual Studio 2010\Labs\Lab06_Tasks\student\student.vcxproj" (build target(s)).

Build succeeded.

Time Elapsed 00:00:01.58
