C:\Users\andy.harbert\Documents\temp\Lab01_Tasks\crazy\Debug\cl.command.1.tlog
C:\Users\andy.harbert\Documents\temp\Lab01_Tasks\crazy\Debug\CL.read.1.tlog
C:\Users\andy.harbert\Documents\temp\Lab01_Tasks\crazy\Debug\CL.write.1.tlog
C:\USERS\ANDY.HARBERT\DOCUMENTS\TEMP\LAB01_TASKS\CRAZY\DEBUG\CRAZY.EXE
C:\USERS\ANDY.HARBERT\DOCUMENTS\TEMP\LAB01_TASKS\CRAZY\DEBUG\CRAZY.EXE.EMBED.MANIFEST
C:\USERS\ANDY.HARBERT\DOCUMENTS\TEMP\LAB01_TASKS\CRAZY\DEBUG\CRAZY.EXE.EMBED.MANIFEST.RES
C:\USERS\ANDY.HARBERT\DOCUMENTS\TEMP\LAB01_TASKS\CRAZY\DEBUG\CRAZY.EXE.INTERMEDIATE.MANIFEST
C:\USERS\ANDY.HARBERT\DOCUMENTS\TEMP\LAB01_TASKS\CRAZY\DEBUG\CRAZY.ILK
C:\USERS\ANDY.HARBERT\DOCUMENTS\TEMP\LAB01_TASKS\CRAZY\DEBUG\CRAZY.PDB
C:\Users\andy.harbert\Documents\temp\Lab01_Tasks\crazy\Debug\crazy_manifest.rc
C:\Users\andy.harbert\Documents\temp\Lab01_Tasks\crazy\Debug\link.2200.read.1.tlog
C:\Users\andy.harbert\Documents\temp\Lab01_Tasks\crazy\Debug\link.2200.write.1.tlog
C:\Users\andy.harbert\Documents\temp\Lab01_Tasks\crazy\Debug\link.2200-cvtres.read.1.tlog
C:\Users\andy.harbert\Documents\temp\Lab01_Tasks\crazy\Debug\link.2200-cvtres.write.1.tlog
C:\Users\andy.harbert\Documents\temp\Lab01_Tasks\crazy\Debug\link.command.1.tlog
C:\Users\andy.harbert\Documents\temp\Lab01_Tasks\crazy\Debug\link.read.1.tlog
C:\Users\andy.harbert\Documents\temp\Lab01_Tasks\crazy\Debug\link.write.1.tlog
C:\Users\andy.harbert\Documents\temp\Lab01_Tasks\crazy\Debug\link-cvtres.read.1.tlog
C:\Users\andy.harbert\Documents\temp\Lab01_Tasks\crazy\Debug\link-cvtres.write.1.tlog
C:\USERS\ANDY.HARBERT\DOCUMENTS\TEMP\LAB01_TASKS\CRAZY\DEBUG\MAIN.OBJ
C:\Users\andy.harbert\Documents\temp\Lab01_Tasks\crazy\Debug\mt.command.1.tlog
C:\Users\andy.harbert\Documents\temp\Lab01_Tasks\crazy\Debug\mt.read.1.tlog
C:\Users\andy.harbert\Documents\temp\Lab01_Tasks\crazy\Debug\mt.write.1.tlog
C:\Users\andy.harbert\Documents\temp\Lab01_Tasks\crazy\Debug\rc.command.1.tlog
C:\Users\andy.harbert\Documents\temp\Lab01_Tasks\crazy\Debug\rc.read.1.tlog
C:\Users\andy.harbert\Documents\temp\Lab01_Tasks\crazy\Debug\rc.write.1.tlog
C:\Users\andy.harbert\Documents\temp\Lab01_Tasks\crazy\Debug\vc100.idb
C:\USERS\ANDY.HARBERT\DOCUMENTS\TEMP\LAB01_TASKS\CRAZY\DEBUG\VC100.PDB
Debug\crazy.ilk
Debug\crazy.pdb
