Build started 9/9/2010 4:05:45 PM.
     1>Project "C:\Users\john.snoap\Downloads\Programming Labs\Lab01_Tasks\crazy\crazy.vcxproj" on node 2 (build target(s)).
     1>InitializeBuildStatus:
         Creating "Debug\crazy.unsuccessfulbuild" because "AlwaysCreate" was specified.
       ClCompile:
         C:\Program Files\Microsoft Visual Studio 10.0\VC\bin\CL.exe /c /ZI /nologo /W3 /WX- /Od /Oy- /D WIN32 /D _DEBUG /D _CONSOLE /D _VC80_UPGRADE=0x0710 /D _MBCS /Gm /EHsc /RTC1 /MTd /GS /fp:precise /Zc:wchar_t /Zc:forScope /Fo"Debug\\" /Fd"Debug\vc100.pdb" /Gd /TP /analyze- /errorReport:prompt main.cpp
         main.cpp
       ManifestResourceCompile:
         All outputs are up-to-date.
       Link:
         C:\Program Files\Microsoft Visual Studio 10.0\VC\bin\link.exe /ERRORREPORT:PROMPT /OUT:"Debug\crazy.exe" /INCREMENTAL /NOLOGO kernel32.lib user32.lib gdi32.lib winspool.lib comdlg32.lib advapi32.lib shell32.lib ole32.lib oleaut32.lib uuid.lib odbc32.lib odbccp32.lib /MANIFEST /ManifestFile:"Debug\crazy.exe.intermediate.manifest" /MANIFESTUAC:"level='asInvoker' uiAccess='false'" /DEBUG /PDB:"Debug\crazy.pdb" /SUBSYSTEM:CONSOLE /TLBID:1 /DYNAMICBASE:NO /IMPLIB:"Debug\crazy.lib" /MACHINE:X86 Debug\crazy.exe.embed.manifest.res
         Debug\main.obj
       Manifest:
         C:\Program Files\Microsoft SDKs\Windows\v7.0A\bin\mt.exe /nologo /verbose /out:"Debug\crazy.exe.embed.manifest" /manifest Debug\crazy.exe.intermediate.manifest
         All outputs are up-to-date.
       LinkEmbedManifest:
         All outputs are up-to-date.
         crazy.vcxproj -> C:\Users\john.snoap\Downloads\Programming Labs\Lab01_Tasks\crazy\Debug\crazy.exe
       FinalizeBuildStatus:
         Deleting file "Debug\crazy.unsuccessfulbuild".
         Touching "Debug\crazy.lastbuildstate".
     1>Done Building Project "C:\Users\john.snoap\Downloads\Programming Labs\Lab01_Tasks\crazy\crazy.vcxproj" (build target(s)).

Build succeeded.

Time Elapsed 00:00:01.48
